Building DAG of jobs...
Using shell: /usr/bin/bash
Provided cores: 10
Rules claiming more threads will be scaled down.
Job counts:
	count	jobs
	1	all
	840	kmers_frequency
	841

[Tue Jul 20 12:57:00 2021]
rule kmers_frequency:
    input: /mnt/trcanmed/snaketree/prj/XenoMiner/local/share/data/12mer_dictionary, /mnt/trcanmed/snaketree/prj/XenoMiner/local/share/data/GRCm38_76/chr2_76_frags
    output: /mnt/trcanmed/snaketree/prj/XenoMiner/local/share/data/GRCm38_76/chr2_76_12mer_freq.csv
    jobid: 144
    wildcards: len=76, chrom=chr2, k=12


[Tue Jul 20 12:57:00 2021]
rule kmers_frequency:
    input: /mnt/trcanmed/snaketree/prj/XenoMiner/local/share/data/12mer_dictionary, /mnt/trcanmed/snaketree/prj/XenoMiner/local/share/data/GRCm38_48/chr3_48_frags
    output: /mnt/trcanmed/snaketree/prj/XenoMiner/local/share/data/GRCm38_48/chr3_48_12mer_freq.csv
    jobid: 174
    wildcards: len=48, chrom=chr3, k=12


[Tue Jul 20 12:57:00 2021]
rule kmers_frequency:
    input: /mnt/trcanmed/snaketree/prj/XenoMiner/local/share/data/12mer_dictionary, /mnt/trcanmed/snaketree/prj/XenoMiner/local/share/data/GRCm38_48/chr2_48_frags
    output: /mnt/trcanmed/snaketree/prj/XenoMiner/local/share/data/GRCm38_48/chr2_48_12mer_freq.csv
    jobid: 134
    wildcards: len=48, chrom=chr2, k=12


[Tue Jul 20 12:57:00 2021]
rule kmers_frequency:
    input: /mnt/trcanmed/snaketree/prj/XenoMiner/local/share/data/12mer_dictionary, /mnt/trcanmed/snaketree/prj/XenoMiner/local/share/data/GRCm38_48/chr6_48_frags
    output: /mnt/trcanmed/snaketree/prj/XenoMiner/local/share/data/GRCm38_48/chr6_48_12mer_freq.csv
    jobid: 294
    wildcards: len=48, chrom=chr6, k=12


[Tue Jul 20 12:57:00 2021]
rule kmers_frequency:
    input: /mnt/trcanmed/snaketree/prj/XenoMiner/local/share/data/12mer_dictionary, /mnt/trcanmed/snaketree/prj/XenoMiner/local/share/data/GRCm38_48/chr7_48_frags
    output: /mnt/trcanmed/snaketree/prj/XenoMiner/local/share/data/GRCm38_48/chr7_48_12mer_freq.csv
    jobid: 334
    wildcards: len=48, chrom=chr7, k=12


[Tue Jul 20 12:57:00 2021]
rule kmers_frequency:
    input: /mnt/trcanmed/snaketree/prj/XenoMiner/local/share/data/12mer_dictionary, /mnt/trcanmed/snaketree/prj/XenoMiner/local/share/data/GRCm38_48/chr5_48_frags
    output: /mnt/trcanmed/snaketree/prj/XenoMiner/local/share/data/GRCm38_48/chr5_48_12mer_freq.csv
    jobid: 254
    wildcards: len=48, chrom=chr5, k=12


[Tue Jul 20 12:57:00 2021]
rule kmers_frequency:
    input: /mnt/trcanmed/snaketree/prj/XenoMiner/local/share/data/12mer_dictionary, /mnt/trcanmed/snaketree/prj/XenoMiner/local/share/data/GRCm38_48/chr1_48_frags
    output: /mnt/trcanmed/snaketree/prj/XenoMiner/local/share/data/GRCm38_48/chr1_48_12mer_freq.csv
    jobid: 94
    wildcards: len=48, chrom=chr1, k=12


[Tue Jul 20 12:57:00 2021]
rule kmers_frequency:
    input: /mnt/trcanmed/snaketree/prj/XenoMiner/local/share/data/12mer_dictionary, /mnt/trcanmed/snaketree/prj/XenoMiner/local/share/data/GRCm38_48/chr4_48_frags
    output: /mnt/trcanmed/snaketree/prj/XenoMiner/local/share/data/GRCm38_48/chr4_48_12mer_freq.csv
    jobid: 214
    wildcards: len=48, chrom=chr4, k=12


[Tue Jul 20 12:57:00 2021]
rule kmers_frequency:
    input: /mnt/trcanmed/snaketree/prj/XenoMiner/local/share/data/12mer_dictionary, /mnt/trcanmed/snaketree/prj/XenoMiner/local/share/data/GRCm38_76/chr1_76_frags
    output: /mnt/trcanmed/snaketree/prj/XenoMiner/local/share/data/GRCm38_76/chr1_76_12mer_freq.csv
    jobid: 104
    wildcards: len=76, chrom=chr1, k=12


[Tue Jul 20 12:57:00 2021]
rule kmers_frequency:
    input: /mnt/trcanmed/snaketree/prj/XenoMiner/local/share/data/12mer_dictionary, /mnt/trcanmed/snaketree/prj/XenoMiner/local/share/data/GRCm38_48/chrX_48_frags
    output: /mnt/trcanmed/snaketree/prj/XenoMiner/local/share/data/GRCm38_48/chrX_48_12mer_freq.csv
    jobid: 854
    wildcards: len=48, chrom=chrX, k=12

Terminating processes on user request, this might take some time.
Cancelling snakemake on user request.
