Building DAG of jobs...
Using shell: /usr/bin/bash
Provided cores: 10
Rules claiming more threads will be scaled down.
Job counts:
	count	jobs
	1	all
	40	kmers_frequency
	41

[Tue Jul 20 15:43:25 2021]
rule kmers_frequency:
    input: /mnt/trcanmed/snaketree/prj/XenoMiner/local/share/data/6mer_dictionary, /mnt/trcanmed/snaketree/prj/XenoMiner/local/share/data/GRCm38_48/chr1_48_frags
    output: /mnt/trcanmed/snaketree/prj/XenoMiner/local/share/data/GRCm38_48/chr1_48_6mer_freq.csv
    jobid: 88
    wildcards: len=48, chrom=chr1, k=6


[Tue Jul 20 15:43:25 2021]
rule kmers_frequency:
    input: /mnt/trcanmed/snaketree/prj/XenoMiner/local/share/data/8mer_dictionary, /mnt/trcanmed/snaketree/prj/XenoMiner/local/share/data/GRCm38_48/chr1_48_frags
    output: /mnt/trcanmed/snaketree/prj/XenoMiner/local/share/data/GRCm38_48/chr1_48_8mer_freq.csv
    jobid: 90
    wildcards: len=48, chrom=chr1, k=8


[Tue Jul 20 15:43:25 2021]
rule kmers_frequency:
    input: /mnt/trcanmed/snaketree/prj/XenoMiner/local/share/data/12mer_dictionary, /mnt/trcanmed/snaketree/prj/XenoMiner/local/share/data/GRCm38_76/chr1_76_frags
    output: /mnt/trcanmed/snaketree/prj/XenoMiner/local/share/data/GRCm38_76/chr1_76_12mer_freq.csv
    jobid: 104
    wildcards: len=76, chrom=chr1, k=12


[Tue Jul 20 15:43:25 2021]
rule kmers_frequency:
    input: /mnt/trcanmed/snaketree/prj/XenoMiner/local/share/data/9mer_dictionary, /mnt/trcanmed/snaketree/prj/XenoMiner/local/share/data/GRCm38_48/chr1_48_frags
    output: /mnt/trcanmed/snaketree/prj/XenoMiner/local/share/data/GRCm38_48/chr1_48_9mer_freq.csv
    jobid: 91
    wildcards: len=48, chrom=chr1, k=9


[Tue Jul 20 15:43:25 2021]
rule kmers_frequency:
    input: /mnt/trcanmed/snaketree/prj/XenoMiner/local/share/data/7mer_dictionary, /mnt/trcanmed/snaketree/prj/XenoMiner/local/share/data/GRCm38_48/chr1_48_frags
    output: /mnt/trcanmed/snaketree/prj/XenoMiner/local/share/data/GRCm38_48/chr1_48_7mer_freq.csv
    jobid: 89
    wildcards: len=48, chrom=chr1, k=7


[Tue Jul 20 15:43:25 2021]
rule kmers_frequency:
    input: /mnt/trcanmed/snaketree/prj/XenoMiner/local/share/data/12mer_dictionary, /mnt/trcanmed/snaketree/prj/XenoMiner/local/share/data/GRCm38_48/chr1_48_frags
    output: /mnt/trcanmed/snaketree/prj/XenoMiner/local/share/data/GRCm38_48/chr1_48_12mer_freq.csv
    jobid: 94
    wildcards: len=48, chrom=chr1, k=12


[Tue Jul 20 15:43:25 2021]
rule kmers_frequency:
    input: /mnt/trcanmed/snaketree/prj/XenoMiner/local/share/data/12mer_dictionary, /mnt/trcanmed/snaketree/prj/XenoMiner/local/share/data/GRCm38_101/chr1_101_frags
    output: /mnt/trcanmed/snaketree/prj/XenoMiner/local/share/data/GRCm38_101/chr1_101_12mer_freq.csv
    jobid: 114
    wildcards: len=101, chrom=chr1, k=12


[Tue Jul 20 15:43:25 2021]
rule kmers_frequency:
    input: /mnt/trcanmed/snaketree/prj/XenoMiner/local/share/data/5mer_dictionary, /mnt/trcanmed/snaketree/prj/XenoMiner/local/share/data/GRCm38_48/chr1_48_frags
    output: /mnt/trcanmed/snaketree/prj/XenoMiner/local/share/data/GRCm38_48/chr1_48_5mer_freq.csv
    jobid: 87
    wildcards: len=48, chrom=chr1, k=5


[Tue Jul 20 15:43:25 2021]
rule kmers_frequency:
    input: /mnt/trcanmed/snaketree/prj/XenoMiner/local/share/data/10mer_dictionary, /mnt/trcanmed/snaketree/prj/XenoMiner/local/share/data/GRCm38_48/chr1_48_frags
    output: /mnt/trcanmed/snaketree/prj/XenoMiner/local/share/data/GRCm38_48/chr1_48_10mer_freq.csv
    jobid: 92
    wildcards: len=48, chrom=chr1, k=10


[Tue Jul 20 15:43:25 2021]
rule kmers_frequency:
    input: /mnt/trcanmed/snaketree/prj/XenoMiner/local/share/data/11mer_dictionary, /mnt/trcanmed/snaketree/prj/XenoMiner/local/share/data/GRCm38_48/chr1_48_frags
    output: /mnt/trcanmed/snaketree/prj/XenoMiner/local/share/data/GRCm38_48/chr1_48_11mer_freq.csv
    jobid: 93
    wildcards: len=48, chrom=chr1, k=11

[Tue Jul 20 16:17:18 2021]
Error in rule kmers_frequency:
    jobid: 87
    output: /mnt/trcanmed/snaketree/prj/XenoMiner/local/share/data/GRCm38_48/chr1_48_5mer_freq.csv

RuleException:
CalledProcessError in line 42 of /mnt/trcanmed/snaketree/prj/XenoMiner/local/share/snakerule/Snakefile_m:
Command ' set -euo pipefail;  
        python /mnt/trcanmed/snaketree/prj/XenoMiner/local/src/preprocessing/fasta2matrix.py -k 5 -i /mnt/trcanmed/snaketree/prj/XenoMiner/local/share/data/GRCm38_48/chr1_48_frags -d /mnt/trcanmed/snaketree/prj/XenoMiner/local/share/data/5mer_dictionary -o /mnt/trcanmed/snaketree/prj/XenoMiner/local/share/data/GRCm38_48/chr1_48_5mer_freq.csv ' returned non-zero exit status 1.
  File "/mnt/trcanmed/snaketree/prj/XenoMiner/local/share/snakerule/Snakefile_m", line 42, in __rule_kmers_frequency
  File "/usr/lib/python3.7/concurrent/futures/thread.py", line 57, in run
Removing output files of failed job kmers_frequency since they might be corrupted:
/mnt/trcanmed/snaketree/prj/XenoMiner/local/share/data/GRCm38_48/chr1_48_5mer_freq.csv
[Tue Jul 20 18:03:27 2021]
Error in rule kmers_frequency:
    jobid: 88
    output: /mnt/trcanmed/snaketree/prj/XenoMiner/local/share/data/GRCm38_48/chr1_48_6mer_freq.csv

RuleException:
CalledProcessError in line 42 of /mnt/trcanmed/snaketree/prj/XenoMiner/local/share/snakerule/Snakefile_m:
Command ' set -euo pipefail;  
        python /mnt/trcanmed/snaketree/prj/XenoMiner/local/src/preprocessing/fasta2matrix.py -k 6 -i /mnt/trcanmed/snaketree/prj/XenoMiner/local/share/data/GRCm38_48/chr1_48_frags -d /mnt/trcanmed/snaketree/prj/XenoMiner/local/share/data/6mer_dictionary -o /mnt/trcanmed/snaketree/prj/XenoMiner/local/share/data/GRCm38_48/chr1_48_6mer_freq.csv ' returned non-zero exit status 1.
  File "/mnt/trcanmed/snaketree/prj/XenoMiner/local/share/snakerule/Snakefile_m", line 42, in __rule_kmers_frequency
  File "/usr/lib/python3.7/concurrent/futures/thread.py", line 57, in run
Removing output files of failed job kmers_frequency since they might be corrupted:
/mnt/trcanmed/snaketree/prj/XenoMiner/local/share/data/GRCm38_48/chr1_48_6mer_freq.csv
[Wed Jul 21 00:54:39 2021]
Error in rule kmers_frequency:
    jobid: 89
    output: /mnt/trcanmed/snaketree/prj/XenoMiner/local/share/data/GRCm38_48/chr1_48_7mer_freq.csv

RuleException:
CalledProcessError in line 42 of /mnt/trcanmed/snaketree/prj/XenoMiner/local/share/snakerule/Snakefile_m:
Command ' set -euo pipefail;  
        python /mnt/trcanmed/snaketree/prj/XenoMiner/local/src/preprocessing/fasta2matrix.py -k 7 -i /mnt/trcanmed/snaketree/prj/XenoMiner/local/share/data/GRCm38_48/chr1_48_frags -d /mnt/trcanmed/snaketree/prj/XenoMiner/local/share/data/7mer_dictionary -o /mnt/trcanmed/snaketree/prj/XenoMiner/local/share/data/GRCm38_48/chr1_48_7mer_freq.csv ' returned non-zero exit status 1.
  File "/mnt/trcanmed/snaketree/prj/XenoMiner/local/share/snakerule/Snakefile_m", line 42, in __rule_kmers_frequency
  File "/usr/lib/python3.7/concurrent/futures/thread.py", line 57, in run
Removing output files of failed job kmers_frequency since they might be corrupted:
/mnt/trcanmed/snaketree/prj/XenoMiner/local/share/data/GRCm38_48/chr1_48_7mer_freq.csv
[Thu Jul 22 05:22:45 2021]
Error in rule kmers_frequency:
    jobid: 90
    output: /mnt/trcanmed/snaketree/prj/XenoMiner/local/share/data/GRCm38_48/chr1_48_8mer_freq.csv

RuleException:
CalledProcessError in line 42 of /mnt/trcanmed/snaketree/prj/XenoMiner/local/share/snakerule/Snakefile_m:
Command ' set -euo pipefail;  
        python /mnt/trcanmed/snaketree/prj/XenoMiner/local/src/preprocessing/fasta2matrix.py -k 8 -i /mnt/trcanmed/snaketree/prj/XenoMiner/local/share/data/GRCm38_48/chr1_48_frags -d /mnt/trcanmed/snaketree/prj/XenoMiner/local/share/data/8mer_dictionary -o /mnt/trcanmed/snaketree/prj/XenoMiner/local/share/data/GRCm38_48/chr1_48_8mer_freq.csv ' returned non-zero exit status 1.
  File "/mnt/trcanmed/snaketree/prj/XenoMiner/local/share/snakerule/Snakefile_m", line 42, in __rule_kmers_frequency
  File "/usr/lib/python3.7/concurrent/futures/thread.py", line 57, in run
Removing output files of failed job kmers_frequency since they might be corrupted:
/mnt/trcanmed/snaketree/prj/XenoMiner/local/share/data/GRCm38_48/chr1_48_8mer_freq.csv
[Thu Jul 22 09:11:49 2021]
Error in rule kmers_frequency:
    jobid: 91
    output: /mnt/trcanmed/snaketree/prj/XenoMiner/local/share/data/GRCm38_48/chr1_48_9mer_freq.csv

RuleException:
CalledProcessError in line 42 of /mnt/trcanmed/snaketree/prj/XenoMiner/local/share/snakerule/Snakefile_m:
Command ' set -euo pipefail;  
        python /mnt/trcanmed/snaketree/prj/XenoMiner/local/src/preprocessing/fasta2matrix.py -k 9 -i /mnt/trcanmed/snaketree/prj/XenoMiner/local/share/data/GRCm38_48/chr1_48_frags -d /mnt/trcanmed/snaketree/prj/XenoMiner/local/share/data/9mer_dictionary -o /mnt/trcanmed/snaketree/prj/XenoMiner/local/share/data/GRCm38_48/chr1_48_9mer_freq.csv ' returned non-zero exit status 1.
  File "/mnt/trcanmed/snaketree/prj/XenoMiner/local/share/snakerule/Snakefile_m", line 42, in __rule_kmers_frequency
  File "/usr/lib/python3.7/concurrent/futures/thread.py", line 57, in run
Removing output files of failed job kmers_frequency since they might be corrupted:
/mnt/trcanmed/snaketree/prj/XenoMiner/local/share/data/GRCm38_48/chr1_48_9mer_freq.csv
[Thu Jul 22 09:12:02 2021]
Error in rule kmers_frequency:
    jobid: 93
    output: /mnt/trcanmed/snaketree/prj/XenoMiner/local/share/data/GRCm38_48/chr1_48_11mer_freq.csv

RuleException:
CalledProcessError in line 42 of /mnt/trcanmed/snaketree/prj/XenoMiner/local/share/snakerule/Snakefile_m:
Command ' set -euo pipefail;  
        python /mnt/trcanmed/snaketree/prj/XenoMiner/local/src/preprocessing/fasta2matrix.py -k 11 -i /mnt/trcanmed/snaketree/prj/XenoMiner/local/share/data/GRCm38_48/chr1_48_frags -d /mnt/trcanmed/snaketree/prj/XenoMiner/local/share/data/11mer_dictionary -o /mnt/trcanmed/snaketree/prj/XenoMiner/local/share/data/GRCm38_48/chr1_48_11mer_freq.csv ' returned non-zero exit status 1.
  File "/mnt/trcanmed/snaketree/prj/XenoMiner/local/share/snakerule/Snakefile_m", line 42, in __rule_kmers_frequency
  File "/usr/lib/python3.7/concurrent/futures/thread.py", line 57, in run
[Thu Jul 22 09:12:04 2021]
Error in rule kmers_frequency:
    jobid: 114
    output: /mnt/trcanmed/snaketree/prj/XenoMiner/local/share/data/GRCm38_101/chr1_101_12mer_freq.csv

RuleException:
CalledProcessError in line 42 of /mnt/trcanmed/snaketree/prj/XenoMiner/local/share/snakerule/Snakefile_m:
Command ' set -euo pipefail;  
        python /mnt/trcanmed/snaketree/prj/XenoMiner/local/src/preprocessing/fasta2matrix.py -k 12 -i /mnt/trcanmed/snaketree/prj/XenoMiner/local/share/data/GRCm38_101/chr1_101_frags -d /mnt/trcanmed/snaketree/prj/XenoMiner/local/share/data/12mer_dictionary -o /mnt/trcanmed/snaketree/prj/XenoMiner/local/share/data/GRCm38_101/chr1_101_12mer_freq.csv ' returned non-zero exit status 1.
  File "/mnt/trcanmed/snaketree/prj/XenoMiner/local/share/snakerule/Snakefile_m", line 42, in __rule_kmers_frequency
  File "/usr/lib/python3.7/concurrent/futures/thread.py", line 57, in run
[Thu Jul 22 09:12:07 2021]
Error in rule kmers_frequency:
    jobid: 94
    output: /mnt/trcanmed/snaketree/prj/XenoMiner/local/share/data/GRCm38_48/chr1_48_12mer_freq.csv

RuleException:
CalledProcessError in line 42 of /mnt/trcanmed/snaketree/prj/XenoMiner/local/share/snakerule/Snakefile_m:
Command ' set -euo pipefail;  
        python /mnt/trcanmed/snaketree/prj/XenoMiner/local/src/preprocessing/fasta2matrix.py -k 12 -i /mnt/trcanmed/snaketree/prj/XenoMiner/local/share/data/GRCm38_48/chr1_48_frags -d /mnt/trcanmed/snaketree/prj/XenoMiner/local/share/data/12mer_dictionary -o /mnt/trcanmed/snaketree/prj/XenoMiner/local/share/data/GRCm38_48/chr1_48_12mer_freq.csv ' returned non-zero exit status 1.
  File "/mnt/trcanmed/snaketree/prj/XenoMiner/local/share/snakerule/Snakefile_m", line 42, in __rule_kmers_frequency
  File "/usr/lib/python3.7/concurrent/futures/thread.py", line 57, in run
Removing output files of failed job kmers_frequency since they might be corrupted:
/mnt/trcanmed/snaketree/prj/XenoMiner/local/share/data/GRCm38_48/chr1_48_11mer_freq.csv
Removing output files of failed job kmers_frequency since they might be corrupted:
/mnt/trcanmed/snaketree/prj/XenoMiner/local/share/data/GRCm38_101/chr1_101_12mer_freq.csv
Removing output files of failed job kmers_frequency since they might be corrupted:
/mnt/trcanmed/snaketree/prj/XenoMiner/local/share/data/GRCm38_48/chr1_48_12mer_freq.csv
[Fri Jul 23 11:40:32 2021]
Error in rule kmers_frequency:
    jobid: 104
    output: /mnt/trcanmed/snaketree/prj/XenoMiner/local/share/data/GRCm38_76/chr1_76_12mer_freq.csv

RuleException:
CalledProcessError in line 42 of /mnt/trcanmed/snaketree/prj/XenoMiner/local/share/snakerule/Snakefile_m:
Command ' set -euo pipefail;  
        python /mnt/trcanmed/snaketree/prj/XenoMiner/local/src/preprocessing/fasta2matrix.py -k 12 -i /mnt/trcanmed/snaketree/prj/XenoMiner/local/share/data/GRCm38_76/chr1_76_frags -d /mnt/trcanmed/snaketree/prj/XenoMiner/local/share/data/12mer_dictionary -o /mnt/trcanmed/snaketree/prj/XenoMiner/local/share/data/GRCm38_76/chr1_76_12mer_freq.csv ' died with <Signals.SIGKILL: 9>.
  File "/mnt/trcanmed/snaketree/prj/XenoMiner/local/share/snakerule/Snakefile_m", line 42, in __rule_kmers_frequency
  File "/usr/lib/python3.7/concurrent/futures/thread.py", line 57, in run
Removing output files of failed job kmers_frequency since they might be corrupted:
/mnt/trcanmed/snaketree/prj/XenoMiner/local/share/data/GRCm38_76/chr1_76_12mer_freq.csv
[Fri Jul 23 11:40:34 2021]
Error in rule kmers_frequency:
    jobid: 92
    output: /mnt/trcanmed/snaketree/prj/XenoMiner/local/share/data/GRCm38_48/chr1_48_10mer_freq.csv

RuleException:
CalledProcessError in line 42 of /mnt/trcanmed/snaketree/prj/XenoMiner/local/share/snakerule/Snakefile_m:
Command ' set -euo pipefail;  
        python /mnt/trcanmed/snaketree/prj/XenoMiner/local/src/preprocessing/fasta2matrix.py -k 10 -i /mnt/trcanmed/snaketree/prj/XenoMiner/local/share/data/GRCm38_48/chr1_48_frags -d /mnt/trcanmed/snaketree/prj/XenoMiner/local/share/data/10mer_dictionary -o /mnt/trcanmed/snaketree/prj/XenoMiner/local/share/data/GRCm38_48/chr1_48_10mer_freq.csv ' died with <Signals.SIGKILL: 9>.
  File "/mnt/trcanmed/snaketree/prj/XenoMiner/local/share/snakerule/Snakefile_m", line 42, in __rule_kmers_frequency
  File "/usr/lib/python3.7/concurrent/futures/thread.py", line 57, in run
Shutting down, this might take some time.
Exiting because a job execution failed. Look above for error message
Complete log: /mnt/trcanmed/snaketree/prj/XenoMiner/local/.snakemake/log/2021-07-20T154325.052883.snakemake.log
