Building DAG of jobs...
Using shell: /usr/bin/bash
Provided cores: 10
Rules claiming more threads will be scaled down.
Job counts:
	count	jobs
	1	all
	84	split_genome
	85

[Tue Jul 20 11:47:31 2021]
rule split_genome:
    input: /mnt/trcanmed/snaketree/prj/XenoMiner/local/share/data/GRCm38/chromosomes/chrX.fa
    output: /mnt/trcanmed/snaketree/prj/XenoMiner/local/share/data/GRCm38_150/chrX_150_frags
    jobid: 80
    wildcards: len=150, chrom=chrX


[Tue Jul 20 11:47:31 2021]
rule split_genome:
    input: /mnt/trcanmed/snaketree/prj/XenoMiner/local/share/data/GRCm38/chromosomes/chr1.fa
    output: /mnt/trcanmed/snaketree/prj/XenoMiner/local/share/data/GRCm38_48/chr1_48_frags
    jobid: 1
    wildcards: len=48, chrom=chr1


[Tue Jul 20 11:47:31 2021]
rule split_genome:
    input: /mnt/trcanmed/snaketree/prj/XenoMiner/local/share/data/GRCm38/chromosomes/chr2.fa
    output: /mnt/trcanmed/snaketree/prj/XenoMiner/local/share/data/GRCm38_48/chr2_48_frags
    jobid: 5
    wildcards: len=48, chrom=chr2


[Tue Jul 20 11:47:32 2021]
rule split_genome:
    input: /mnt/trcanmed/snaketree/prj/XenoMiner/local/share/data/GRCm38/chromosomes/chr1.fa
    output: /mnt/trcanmed/snaketree/prj/XenoMiner/local/share/data/GRCm38_101/chr1_101_frags
    jobid: 3
    wildcards: len=101, chrom=chr1


[Tue Jul 20 11:47:35 2021]
rule split_genome:
    input: /mnt/trcanmed/snaketree/prj/XenoMiner/local/share/data/GRCm38/chromosomes/chr2.fa
    output: /mnt/trcanmed/snaketree/prj/XenoMiner/local/share/data/GRCm38_101/chr2_101_frags
    jobid: 7
    wildcards: len=101, chrom=chr2


[Tue Jul 20 11:47:36 2021]
rule split_genome:
    input: /mnt/trcanmed/snaketree/prj/XenoMiner/local/share/data/GRCm38/chromosomes/chr2.fa
    output: /mnt/trcanmed/snaketree/prj/XenoMiner/local/share/data/GRCm38_76/chr2_76_frags
    jobid: 6
    wildcards: len=76, chrom=chr2


[Tue Jul 20 11:47:37 2021]
rule split_genome:
    input: /mnt/trcanmed/snaketree/prj/XenoMiner/local/share/data/GRCm38/chromosomes/chr1.fa
    output: /mnt/trcanmed/snaketree/prj/XenoMiner/local/share/data/GRCm38_76/chr1_76_frags
    jobid: 2
    wildcards: len=76, chrom=chr1


[Tue Jul 20 11:47:37 2021]
rule split_genome:
    input: /mnt/trcanmed/snaketree/prj/XenoMiner/local/share/data/GRCm38/chromosomes/chr1.fa
    output: /mnt/trcanmed/snaketree/prj/XenoMiner/local/share/data/GRCm38_150/chr1_150_frags
    jobid: 4
    wildcards: len=150, chrom=chr1


[Tue Jul 20 11:47:37 2021]
rule split_genome:
    input: /mnt/trcanmed/snaketree/prj/XenoMiner/local/share/data/GRCm38/chromosomes/chr2.fa
    output: /mnt/trcanmed/snaketree/prj/XenoMiner/local/share/data/GRCm38_150/chr2_150_frags
    jobid: 8
    wildcards: len=150, chrom=chr2


[Tue Jul 20 11:47:38 2021]
rule split_genome:
    input: /mnt/trcanmed/snaketree/prj/XenoMiner/local/share/data/GRCm38/chromosomes/chrX.fa
    output: /mnt/trcanmed/snaketree/prj/XenoMiner/local/share/data/GRCm38_48/chrX_48_frags
    jobid: 77
    wildcards: len=48, chrom=chrX

[Tue Jul 20 11:48:16 2021]
Finished job 80.
1 of 85 steps (1%) done

[Tue Jul 20 11:48:17 2021]
rule split_genome:
    input: /mnt/trcanmed/snaketree/prj/XenoMiner/local/share/data/GRCm38/chromosomes/chrX.fa
    output: /mnt/trcanmed/snaketree/prj/XenoMiner/local/share/data/GRCm38_101/chrX_101_frags
    jobid: 79
    wildcards: len=101, chrom=chrX

[Tue Jul 20 11:48:29 2021]
Finished job 4.
2 of 85 steps (2%) done
[Tue Jul 20 11:48:30 2021]
Finished job 8.
3 of 85 steps (4%) done

[Tue Jul 20 11:48:30 2021]
rule split_genome:
    input: /mnt/trcanmed/snaketree/prj/XenoMiner/local/share/data/GRCm38/chromosomes/chr3.fa
    output: /mnt/trcanmed/snaketree/prj/XenoMiner/local/share/data/GRCm38_76/chr3_76_frags
    jobid: 10
    wildcards: len=76, chrom=chr3


[Tue Jul 20 11:48:31 2021]
rule split_genome:
    input: /mnt/trcanmed/snaketree/prj/XenoMiner/local/share/data/GRCm38/chromosomes/chrX.fa
    output: /mnt/trcanmed/snaketree/prj/XenoMiner/local/share/data/GRCm38_76/chrX_76_frags
    jobid: 78
    wildcards: len=76, chrom=chrX

[Tue Jul 20 11:48:33 2021]
Finished job 3.
4 of 85 steps (5%) done

[Tue Jul 20 11:48:34 2021]
rule split_genome:
    input: /mnt/trcanmed/snaketree/prj/XenoMiner/local/share/data/GRCm38/chromosomes/chr3.fa
    output: /mnt/trcanmed/snaketree/prj/XenoMiner/local/share/data/GRCm38_101/chr3_101_frags
    jobid: 11
    wildcards: len=101, chrom=chr3

[Tue Jul 20 11:48:35 2021]
Finished job 7.
5 of 85 steps (6%) done

[Tue Jul 20 11:48:35 2021]
rule split_genome:
    input: /mnt/trcanmed/snaketree/prj/XenoMiner/local/share/data/GRCm38/chromosomes/chr3.fa
    output: /mnt/trcanmed/snaketree/prj/XenoMiner/local/share/data/GRCm38_48/chr3_48_frags
    jobid: 9
    wildcards: len=48, chrom=chr3

[Tue Jul 20 11:48:39 2021]
Finished job 2.
6 of 85 steps (7%) done
[Tue Jul 20 11:48:40 2021]
Finished job 6.
7 of 85 steps (8%) done

[Tue Jul 20 11:48:41 2021]
rule split_genome:
    input: /mnt/trcanmed/snaketree/prj/XenoMiner/local/share/data/GRCm38/chromosomes/chr4.fa
    output: /mnt/trcanmed/snaketree/prj/XenoMiner/local/share/data/GRCm38_150/chr4_150_frags
    jobid: 16
    wildcards: len=150, chrom=chr4


[Tue Jul 20 11:48:41 2021]
rule split_genome:
    input: /mnt/trcanmed/snaketree/prj/XenoMiner/local/share/data/GRCm38/chromosomes/chr3.fa
    output: /mnt/trcanmed/snaketree/prj/XenoMiner/local/share/data/GRCm38_150/chr3_150_frags
    jobid: 12
    wildcards: len=150, chrom=chr3

[Tue Jul 20 11:48:46 2021]
Finished job 77.
8 of 85 steps (9%) done

[Tue Jul 20 11:48:47 2021]
rule split_genome:
    input: /mnt/trcanmed/snaketree/prj/XenoMiner/local/share/data/GRCm38/chromosomes/chr4.fa
    output: /mnt/trcanmed/snaketree/prj/XenoMiner/local/share/data/GRCm38_76/chr4_76_frags
    jobid: 14
    wildcards: len=76, chrom=chr4

[Tue Jul 20 11:48:50 2021]
Finished job 5.
9 of 85 steps (11%) done
[Tue Jul 20 11:48:51 2021]
Finished job 1.
10 of 85 steps (12%) done
[Tue Jul 20 11:48:52 2021]
Finished job 79.
11 of 85 steps (13%) done

[Tue Jul 20 11:48:52 2021]
rule split_genome:
    input: /mnt/trcanmed/snaketree/prj/XenoMiner/local/share/data/GRCm38/chromosomes/chr5.fa
    output: /mnt/trcanmed/snaketree/prj/XenoMiner/local/share/data/GRCm38_150/chr5_150_frags
    jobid: 20
    wildcards: len=150, chrom=chr5


[Tue Jul 20 11:48:52 2021]
rule split_genome:
    input: /mnt/trcanmed/snaketree/prj/XenoMiner/local/share/data/GRCm38/chromosomes/chr4.fa
    output: /mnt/trcanmed/snaketree/prj/XenoMiner/local/share/data/GRCm38_101/chr4_101_frags
    jobid: 15
    wildcards: len=101, chrom=chr4


[Tue Jul 20 11:48:53 2021]
rule split_genome:
    input: /mnt/trcanmed/snaketree/prj/XenoMiner/local/share/data/GRCm38/chromosomes/chr4.fa
    output: /mnt/trcanmed/snaketree/prj/XenoMiner/local/share/data/GRCm38_48/chr4_48_frags
    jobid: 13
    wildcards: len=48, chrom=chr4

[Tue Jul 20 11:49:00 2021]
Finished job 78.
12 of 85 steps (14%) done

[Tue Jul 20 11:49:00 2021]
rule split_genome:
    input: /mnt/trcanmed/snaketree/prj/XenoMiner/local/share/data/GRCm38/chromosomes/chr5.fa
    output: /mnt/trcanmed/snaketree/prj/XenoMiner/local/share/data/GRCm38_48/chr5_48_frags
    jobid: 17
    wildcards: len=48, chrom=chr5

[Tue Jul 20 11:49:41 2021]
Finished job 12.
13 of 85 steps (15%) done
[Tue Jul 20 11:49:42 2021]
Finished job 16.
14 of 85 steps (16%) done

[Tue Jul 20 11:49:43 2021]
rule split_genome:
    input: /mnt/trcanmed/snaketree/prj/XenoMiner/local/share/data/GRCm38/chromosomes/chr5.fa
    output: /mnt/trcanmed/snaketree/prj/XenoMiner/local/share/data/GRCm38_101/chr5_101_frags
    jobid: 19
    wildcards: len=101, chrom=chr5


[Tue Jul 20 11:49:44 2021]
rule split_genome:
    input: /mnt/trcanmed/snaketree/prj/XenoMiner/local/share/data/GRCm38/chromosomes/chr5.fa
    output: /mnt/trcanmed/snaketree/prj/XenoMiner/local/share/data/GRCm38_76/chr5_76_frags
    jobid: 18
    wildcards: len=76, chrom=chr5

[Tue Jul 20 11:49:46 2021]
Finished job 20.
15 of 85 steps (18%) done
[Tue Jul 20 11:49:47 2021]
Finished job 11.
16 of 85 steps (19%) done

[Tue Jul 20 11:49:47 2021]
rule split_genome:
    input: /mnt/trcanmed/snaketree/prj/XenoMiner/local/share/data/GRCm38/chromosomes/chr6.fa
    output: /mnt/trcanmed/snaketree/prj/XenoMiner/local/share/data/GRCm38_150/chr6_150_frags
    jobid: 24
    wildcards: len=150, chrom=chr6


[Tue Jul 20 11:49:48 2021]
rule split_genome:
    input: /mnt/trcanmed/snaketree/prj/XenoMiner/local/share/data/GRCm38/chromosomes/chr6.fa
    output: /mnt/trcanmed/snaketree/prj/XenoMiner/local/share/data/GRCm38_101/chr6_101_frags
    jobid: 23
    wildcards: len=101, chrom=chr6

[Tue Jul 20 11:49:50 2021]
Finished job 15.
17 of 85 steps (20%) done

[Tue Jul 20 11:49:50 2021]
rule split_genome:
    input: /mnt/trcanmed/snaketree/prj/XenoMiner/local/share/data/GRCm38/chromosomes/chr6.fa
    output: /mnt/trcanmed/snaketree/prj/XenoMiner/local/share/data/GRCm38_76/chr6_76_frags
    jobid: 22
    wildcards: len=76, chrom=chr6

[Tue Jul 20 11:49:55 2021]
Finished job 14.
18 of 85 steps (21%) done
[Tue Jul 20 11:49:56 2021]
Finished job 10.
19 of 85 steps (22%) done

[Tue Jul 20 11:49:56 2021]
rule split_genome:
    input: /mnt/trcanmed/snaketree/prj/XenoMiner/local/share/data/GRCm38/chromosomes/chr7.fa
    output: /mnt/trcanmed/snaketree/prj/XenoMiner/local/share/data/GRCm38_150/chr7_150_frags
    jobid: 28
    wildcards: len=150, chrom=chr7


[Tue Jul 20 11:49:57 2021]
rule split_genome:
    input: /mnt/trcanmed/snaketree/prj/XenoMiner/local/share/data/GRCm38/chromosomes/chr6.fa
    output: /mnt/trcanmed/snaketree/prj/XenoMiner/local/share/data/GRCm38_48/chr6_48_frags
    jobid: 21
    wildcards: len=48, chrom=chr6

[Tue Jul 20 11:50:04 2021]
Finished job 13.
20 of 85 steps (24%) done
[Tue Jul 20 11:50:04 2021]
Finished job 9.
21 of 85 steps (25%) done
[Tue Jul 20 11:50:05 2021]
Finished job 17.
22 of 85 steps (26%) done

[Tue Jul 20 11:50:05 2021]
rule split_genome:
    input: /mnt/trcanmed/snaketree/prj/XenoMiner/local/share/data/GRCm38/chromosomes/chr7.fa
    output: /mnt/trcanmed/snaketree/prj/XenoMiner/local/share/data/GRCm38_101/chr7_101_frags
    jobid: 27
    wildcards: len=101, chrom=chr7


[Tue Jul 20 11:50:06 2021]
rule split_genome:
    input: /mnt/trcanmed/snaketree/prj/XenoMiner/local/share/data/GRCm38/chromosomes/chr7.fa
    output: /mnt/trcanmed/snaketree/prj/XenoMiner/local/share/data/GRCm38_76/chr7_76_frags
    jobid: 26
    wildcards: len=76, chrom=chr7


[Tue Jul 20 11:50:07 2021]
rule split_genome:
    input: /mnt/trcanmed/snaketree/prj/XenoMiner/local/share/data/GRCm38/chromosomes/chr7.fa
    output: /mnt/trcanmed/snaketree/prj/XenoMiner/local/share/data/GRCm38_48/chr7_48_frags
    jobid: 25
    wildcards: len=48, chrom=chr7

[Tue Jul 20 11:50:13 2021]
Finished job 19.
23 of 85 steps (27%) done

[Tue Jul 20 11:50:13 2021]
rule split_genome:
    input: /mnt/trcanmed/snaketree/prj/XenoMiner/local/share/data/GRCm38/chromosomes/chr10.fa
    output: /mnt/trcanmed/snaketree/prj/XenoMiner/local/share/data/GRCm38_48/chr10_48_frags
    jobid: 37
    wildcards: len=48, chrom=chr10

[Tue Jul 20 11:50:19 2021]
Finished job 18.
24 of 85 steps (28%) done

[Tue Jul 20 11:50:19 2021]
rule split_genome:
    input: /mnt/trcanmed/snaketree/prj/XenoMiner/local/share/data/GRCm38/chromosomes/chr10.fa
    output: /mnt/trcanmed/snaketree/prj/XenoMiner/local/share/data/GRCm38_101/chr10_101_frags
    jobid: 39
    wildcards: len=101, chrom=chr10

[Tue Jul 20 11:50:43 2021]
Finished job 28.
25 of 85 steps (29%) done

[Tue Jul 20 11:50:43 2021]
rule split_genome:
    input: /mnt/trcanmed/snaketree/prj/XenoMiner/local/share/data/GRCm38/chromosomes/chr10.fa
    output: /mnt/trcanmed/snaketree/prj/XenoMiner/local/share/data/GRCm38_76/chr10_76_frags
    jobid: 38
    wildcards: len=76, chrom=chr10

[Tue Jul 20 11:50:50 2021]
Finished job 27.
26 of 85 steps (31%) done
[Tue Jul 20 11:50:51 2021]
Finished job 24.
27 of 85 steps (32%) done

[Tue Jul 20 11:50:51 2021]
rule split_genome:
    input: /mnt/trcanmed/snaketree/prj/XenoMiner/local/share/data/GRCm38/chromosomes/chr8.fa
    output: /mnt/trcanmed/snaketree/prj/XenoMiner/local/share/data/GRCm38_150/chr8_150_frags
    jobid: 32
    wildcards: len=150, chrom=chr8


[Tue Jul 20 11:50:53 2021]
rule split_genome:
    input: /mnt/trcanmed/snaketree/prj/XenoMiner/local/share/data/GRCm38/chromosomes/chr10.fa
    output: /mnt/trcanmed/snaketree/prj/XenoMiner/local/share/data/GRCm38_150/chr10_150_frags
    jobid: 40
    wildcards: len=150, chrom=chr10

[Tue Jul 20 11:50:55 2021]
Finished job 23.
28 of 85 steps (33%) done

[Tue Jul 20 11:50:56 2021]
rule split_genome:
    input: /mnt/trcanmed/snaketree/prj/XenoMiner/local/share/data/GRCm38/chromosomes/chr8.fa
    output: /mnt/trcanmed/snaketree/prj/XenoMiner/local/share/data/GRCm38_48/chr8_48_frags
    jobid: 29
    wildcards: len=48, chrom=chr8

[Tue Jul 20 11:50:58 2021]
Finished job 26.
29 of 85 steps (34%) done

[Tue Jul 20 11:50:58 2021]
rule split_genome:
    input: /mnt/trcanmed/snaketree/prj/XenoMiner/local/share/data/GRCm38/chromosomes/chr8.fa
    output: /mnt/trcanmed/snaketree/prj/XenoMiner/local/share/data/GRCm38_101/chr8_101_frags
    jobid: 31
    wildcards: len=101, chrom=chr8

[Tue Jul 20 11:51:02 2021]
Finished job 22.
30 of 85 steps (35%) done

[Tue Jul 20 11:51:02 2021]
rule split_genome:
    input: /mnt/trcanmed/snaketree/prj/XenoMiner/local/share/data/GRCm38/chromosomes/chr8.fa
    output: /mnt/trcanmed/snaketree/prj/XenoMiner/local/share/data/GRCm38_76/chr8_76_frags
    jobid: 30
    wildcards: len=76, chrom=chr8

[Tue Jul 20 11:51:06 2021]
Finished job 39.
31 of 85 steps (36%) done

[Tue Jul 20 11:51:06 2021]
rule split_genome:
    input: /mnt/trcanmed/snaketree/prj/XenoMiner/local/share/data/GRCm38/chromosomes/chr14.fa
    output: /mnt/trcanmed/snaketree/prj/XenoMiner/local/share/data/GRCm38_76/chr14_76_frags
    jobid: 54
    wildcards: len=76, chrom=chr14

[Tue Jul 20 11:51:10 2021]
Finished job 25.
32 of 85 steps (38%) done

[Tue Jul 20 11:51:10 2021]
rule split_genome:
    input: /mnt/trcanmed/snaketree/prj/XenoMiner/local/share/data/GRCm38/chromosomes/chr14.fa
    output: /mnt/trcanmed/snaketree/prj/XenoMiner/local/share/data/GRCm38_101/chr14_101_frags
    jobid: 55
    wildcards: len=101, chrom=chr14

[Tue Jul 20 11:51:12 2021]
Finished job 21.
33 of 85 steps (39%) done

[Tue Jul 20 11:51:12 2021]
rule split_genome:
    input: /mnt/trcanmed/snaketree/prj/XenoMiner/local/share/data/GRCm38/chromosomes/chr14.fa
    output: /mnt/trcanmed/snaketree/prj/XenoMiner/local/share/data/GRCm38_48/chr14_48_frags
    jobid: 53
    wildcards: len=48, chrom=chr14

[Tue Jul 20 11:51:18 2021]
Finished job 37.
34 of 85 steps (40%) done
[Tue Jul 20 11:51:18 2021]
Finished job 40.
35 of 85 steps (41%) done
[Tue Jul 20 11:51:19 2021]
Finished job 38.
36 of 85 steps (42%) done

[Tue Jul 20 11:51:19 2021]
rule split_genome:
    input: /mnt/trcanmed/snaketree/prj/XenoMiner/local/share/data/GRCm38/chromosomes/chr9.fa
    output: /mnt/trcanmed/snaketree/prj/XenoMiner/local/share/data/GRCm38_48/chr9_48_frags
    jobid: 33
    wildcards: len=48, chrom=chr9


[Tue Jul 20 11:51:19 2021]
rule split_genome:
    input: /mnt/trcanmed/snaketree/prj/XenoMiner/local/share/data/GRCm38/chromosomes/chr9.fa
    output: /mnt/trcanmed/snaketree/prj/XenoMiner/local/share/data/GRCm38_101/chr9_101_frags
    jobid: 35
    wildcards: len=101, chrom=chr9


[Tue Jul 20 11:51:20 2021]
rule split_genome:
    input: /mnt/trcanmed/snaketree/prj/XenoMiner/local/share/data/GRCm38/chromosomes/chr14.fa
    output: /mnt/trcanmed/snaketree/prj/XenoMiner/local/share/data/GRCm38_150/chr14_150_frags
    jobid: 56
    wildcards: len=150, chrom=chr14

[Tue Jul 20 11:51:22 2021]
Finished job 32.
37 of 85 steps (44%) done

[Tue Jul 20 11:51:23 2021]
rule split_genome:
    input: /mnt/trcanmed/snaketree/prj/XenoMiner/local/share/data/GRCm38/chromosomes/chr9.fa
    output: /mnt/trcanmed/snaketree/prj/XenoMiner/local/share/data/GRCm38_76/chr9_76_frags
    jobid: 34
    wildcards: len=76, chrom=chr9

[Tue Jul 20 11:51:23 2021]
Finished job 31.
38 of 85 steps (45%) done

[Tue Jul 20 11:51:23 2021]
rule split_genome:
    input: /mnt/trcanmed/snaketree/prj/XenoMiner/local/share/data/GRCm38/chromosomes/chr9.fa
    output: /mnt/trcanmed/snaketree/prj/XenoMiner/local/share/data/GRCm38_150/chr9_150_frags
    jobid: 36
    wildcards: len=150, chrom=chr9

[Tue Jul 20 11:51:24 2021]
Finished job 30.
39 of 85 steps (46%) done

[Tue Jul 20 11:51:24 2021]
rule split_genome:
    input: /mnt/trcanmed/snaketree/prj/XenoMiner/local/share/data/GRCm38/chromosomes/chr11.fa
    output: /mnt/trcanmed/snaketree/prj/XenoMiner/local/share/data/GRCm38_76/chr11_76_frags
    jobid: 42
    wildcards: len=76, chrom=chr11

[Tue Jul 20 11:51:24 2021]
Finished job 29.
40 of 85 steps (47%) done

[Tue Jul 20 11:51:24 2021]
rule split_genome:
    input: /mnt/trcanmed/snaketree/prj/XenoMiner/local/share/data/GRCm38/chromosomes/chr11.fa
    output: /mnt/trcanmed/snaketree/prj/XenoMiner/local/share/data/GRCm38_101/chr11_101_frags
    jobid: 43
    wildcards: len=101, chrom=chr11

[Tue Jul 20 11:51:37 2021]
Finished job 56.
41 of 85 steps (48%) done

[Tue Jul 20 11:51:37 2021]
rule split_genome:
    input: /mnt/trcanmed/snaketree/prj/XenoMiner/local/share/data/GRCm38/chromosomes/chr11.fa
    output: /mnt/trcanmed/snaketree/prj/XenoMiner/local/share/data/GRCm38_48/chr11_48_frags
    jobid: 41
    wildcards: len=48, chrom=chr11

[Tue Jul 20 11:51:41 2021]
Finished job 55.
42 of 85 steps (49%) done

[Tue Jul 20 11:51:41 2021]
rule split_genome:
    input: /mnt/trcanmed/snaketree/prj/XenoMiner/local/share/data/GRCm38/chromosomes/chr11.fa
    output: /mnt/trcanmed/snaketree/prj/XenoMiner/local/share/data/GRCm38_150/chr11_150_frags
    jobid: 44
    wildcards: len=150, chrom=chr11

[Tue Jul 20 11:51:45 2021]
Finished job 54.
43 of 85 steps (51%) done
[Tue Jul 20 11:51:46 2021]
Finished job 36.
44 of 85 steps (52%) done

[Tue Jul 20 11:51:46 2021]
rule split_genome:
    input: /mnt/trcanmed/snaketree/prj/XenoMiner/local/share/data/GRCm38/chromosomes/chr13.fa
    output: /mnt/trcanmed/snaketree/prj/XenoMiner/local/share/data/GRCm38_150/chr13_150_frags
    jobid: 52
    wildcards: len=150, chrom=chr13


[Tue Jul 20 11:51:47 2021]
rule split_genome:
    input: /mnt/trcanmed/snaketree/prj/XenoMiner/local/share/data/GRCm38/chromosomes/chr13.fa
    output: /mnt/trcanmed/snaketree/prj/XenoMiner/local/share/data/GRCm38_76/chr13_76_frags
    jobid: 50
    wildcards: len=76, chrom=chr13

[Tue Jul 20 11:51:48 2021]
Finished job 35.
45 of 85 steps (53%) done

[Tue Jul 20 11:51:48 2021]
rule split_genome:
    input: /mnt/trcanmed/snaketree/prj/XenoMiner/local/share/data/GRCm38/chromosomes/chr13.fa
    output: /mnt/trcanmed/snaketree/prj/XenoMiner/local/share/data/GRCm38_101/chr13_101_frags
    jobid: 51
    wildcards: len=101, chrom=chr13

[Tue Jul 20 11:51:50 2021]
Finished job 43.
46 of 85 steps (54%) done

[Tue Jul 20 11:51:50 2021]
rule split_genome:
    input: /mnt/trcanmed/snaketree/prj/XenoMiner/local/share/data/GRCm38/chromosomes/chr13.fa
    output: /mnt/trcanmed/snaketree/prj/XenoMiner/local/share/data/GRCm38_48/chr13_48_frags
    jobid: 49
    wildcards: len=48, chrom=chr13

[Tue Jul 20 11:51:50 2021]
Finished job 34.
47 of 85 steps (55%) done

[Tue Jul 20 11:51:51 2021]
rule split_genome:
    input: /mnt/trcanmed/snaketree/prj/XenoMiner/local/share/data/GRCm38/chromosomes/chr12.fa
    output: /mnt/trcanmed/snaketree/prj/XenoMiner/local/share/data/GRCm38_76/chr12_76_frags
    jobid: 46
    wildcards: len=76, chrom=chr12

[Tue Jul 20 11:51:52 2021]
Finished job 42.
48 of 85 steps (56%) done

[Tue Jul 20 11:51:52 2021]
rule split_genome:
    input: /mnt/trcanmed/snaketree/prj/XenoMiner/local/share/data/GRCm38/chromosomes/chr12.fa
    output: /mnt/trcanmed/snaketree/prj/XenoMiner/local/share/data/GRCm38_101/chr12_101_frags
    jobid: 47
    wildcards: len=101, chrom=chr12

[Tue Jul 20 11:51:53 2021]
Finished job 53.
49 of 85 steps (58%) done

[Tue Jul 20 11:51:53 2021]
rule split_genome:
    input: /mnt/trcanmed/snaketree/prj/XenoMiner/local/share/data/GRCm38/chromosomes/chr12.fa
    output: /mnt/trcanmed/snaketree/prj/XenoMiner/local/share/data/GRCm38_48/chr12_48_frags
    jobid: 45
    wildcards: len=48, chrom=chr12

[Tue Jul 20 11:51:54 2021]
Finished job 33.
50 of 85 steps (59%) done

[Tue Jul 20 11:51:54 2021]
rule split_genome:
    input: /mnt/trcanmed/snaketree/prj/XenoMiner/local/share/data/GRCm38/chromosomes/chr12.fa
    output: /mnt/trcanmed/snaketree/prj/XenoMiner/local/share/data/GRCm38_150/chr12_150_frags
    jobid: 48
    wildcards: len=150, chrom=chr12

[Tue Jul 20 11:51:54 2021]
Finished job 44.
51 of 85 steps (60%) done

[Tue Jul 20 11:51:55 2021]
rule split_genome:
    input: /mnt/trcanmed/snaketree/prj/XenoMiner/local/share/data/GRCm38/chromosomes/chr15.fa
    output: /mnt/trcanmed/snaketree/prj/XenoMiner/local/share/data/GRCm38_150/chr15_150_frags
    jobid: 60
    wildcards: len=150, chrom=chr15

[Tue Jul 20 11:51:56 2021]
Finished job 41.
52 of 85 steps (61%) done

[Tue Jul 20 11:51:56 2021]
rule split_genome:
    input: /mnt/trcanmed/snaketree/prj/XenoMiner/local/share/data/GRCm38/chromosomes/chr15.fa
    output: /mnt/trcanmed/snaketree/prj/XenoMiner/local/share/data/GRCm38_48/chr15_48_frags
    jobid: 57
    wildcards: len=48, chrom=chr15

[Tue Jul 20 11:52:08 2021]
Finished job 48.
53 of 85 steps (62%) done

[Tue Jul 20 11:52:09 2021]
rule split_genome:
    input: /mnt/trcanmed/snaketree/prj/XenoMiner/local/share/data/GRCm38/chromosomes/chr15.fa
    output: /mnt/trcanmed/snaketree/prj/XenoMiner/local/share/data/GRCm38_76/chr15_76_frags
    jobid: 58
    wildcards: len=76, chrom=chr15

[Tue Jul 20 11:52:16 2021]
Finished job 60.
54 of 85 steps (64%) done

[Tue Jul 20 11:52:16 2021]
rule split_genome:
    input: /mnt/trcanmed/snaketree/prj/XenoMiner/local/share/data/GRCm38/chromosomes/chr15.fa
    output: /mnt/trcanmed/snaketree/prj/XenoMiner/local/share/data/GRCm38_101/chr15_101_frags
    jobid: 59
    wildcards: len=101, chrom=chr15

[Tue Jul 20 11:52:18 2021]
Finished job 52.
55 of 85 steps (65%) done

[Tue Jul 20 11:52:18 2021]
rule split_genome:
    input: /mnt/trcanmed/snaketree/prj/XenoMiner/local/share/data/GRCm38/chromosomes/chr16.fa
    output: /mnt/trcanmed/snaketree/prj/XenoMiner/local/share/data/GRCm38_48/chr16_48_frags
    jobid: 61
    wildcards: len=48, chrom=chr16

[Tue Jul 20 11:52:19 2021]
Finished job 47.
56 of 85 steps (66%) done

[Tue Jul 20 11:52:19 2021]
rule split_genome:
    input: /mnt/trcanmed/snaketree/prj/XenoMiner/local/share/data/GRCm38/chromosomes/chr16.fa
    output: /mnt/trcanmed/snaketree/prj/XenoMiner/local/share/data/GRCm38_101/chr16_101_frags
    jobid: 63
    wildcards: len=101, chrom=chr16

[Tue Jul 20 11:52:21 2021]
Finished job 51.
57 of 85 steps (67%) done

[Tue Jul 20 11:52:21 2021]
rule split_genome:
    input: /mnt/trcanmed/snaketree/prj/XenoMiner/local/share/data/GRCm38/chromosomes/chr16.fa
    output: /mnt/trcanmed/snaketree/prj/XenoMiner/local/share/data/GRCm38_76/chr16_76_frags
    jobid: 62
    wildcards: len=76, chrom=chr16

[Tue Jul 20 11:52:22 2021]
Finished job 46.
58 of 85 steps (68%) done

[Tue Jul 20 11:52:22 2021]
rule split_genome:
    input: /mnt/trcanmed/snaketree/prj/XenoMiner/local/share/data/GRCm38/chromosomes/chr16.fa
    output: /mnt/trcanmed/snaketree/prj/XenoMiner/local/share/data/GRCm38_150/chr16_150_frags
    jobid: 64
    wildcards: len=150, chrom=chr16

[Tue Jul 20 11:52:23 2021]
Finished job 50.
59 of 85 steps (69%) done

[Tue Jul 20 11:52:23 2021]
rule split_genome:
    input: /mnt/trcanmed/snaketree/prj/XenoMiner/local/share/data/GRCm38/chromosomes/chr17.fa
    output: /mnt/trcanmed/snaketree/prj/XenoMiner/local/share/data/GRCm38_150/chr17_150_frags
    jobid: 68
    wildcards: len=150, chrom=chr17

[Tue Jul 20 11:52:25 2021]
Finished job 57.
60 of 85 steps (71%) done

[Tue Jul 20 11:52:25 2021]
rule split_genome:
    input: /mnt/trcanmed/snaketree/prj/XenoMiner/local/share/data/GRCm38/chromosomes/chr17.fa
    output: /mnt/trcanmed/snaketree/prj/XenoMiner/local/share/data/GRCm38_76/chr17_76_frags
    jobid: 66
    wildcards: len=76, chrom=chr17

[Tue Jul 20 11:52:26 2021]
Finished job 45.
61 of 85 steps (72%) done
[Tue Jul 20 11:52:27 2021]
Finished job 49.
62 of 85 steps (73%) done
[Tue Jul 20 11:52:27 2021]
Finished job 58.
63 of 85 steps (74%) done

[Tue Jul 20 11:52:27 2021]
rule split_genome:
    input: /mnt/trcanmed/snaketree/prj/XenoMiner/local/share/data/GRCm38/chromosomes/chrY.fa
    output: /mnt/trcanmed/snaketree/prj/XenoMiner/local/share/data/GRCm38_150/chrY_150_frags
    jobid: 84
    wildcards: len=150, chrom=chrY


[Tue Jul 20 11:52:27 2021]
rule split_genome:
    input: /mnt/trcanmed/snaketree/prj/XenoMiner/local/share/data/GRCm38/chromosomes/chr17.fa
    output: /mnt/trcanmed/snaketree/prj/XenoMiner/local/share/data/GRCm38_101/chr17_101_frags
    jobid: 67
    wildcards: len=101, chrom=chr17


[Tue Jul 20 11:52:27 2021]
rule split_genome:
    input: /mnt/trcanmed/snaketree/prj/XenoMiner/local/share/data/GRCm38/chromosomes/chr17.fa
    output: /mnt/trcanmed/snaketree/prj/XenoMiner/local/share/data/GRCm38_48/chr17_48_frags
    jobid: 65
    wildcards: len=48, chrom=chr17

[Tue Jul 20 11:52:27 2021]
Finished job 59.
64 of 85 steps (75%) done

[Tue Jul 20 11:52:27 2021]
rule split_genome:
    input: /mnt/trcanmed/snaketree/prj/XenoMiner/local/share/data/GRCm38/chromosomes/chrY.fa
    output: /mnt/trcanmed/snaketree/prj/XenoMiner/local/share/data/GRCm38_76/chrY_76_frags
    jobid: 82
    wildcards: len=76, chrom=chrY

[Tue Jul 20 11:52:32 2021]
Finished job 64.
65 of 85 steps (76%) done

[Tue Jul 20 11:52:32 2021]
rule split_genome:
    input: /mnt/trcanmed/snaketree/prj/XenoMiner/local/share/data/GRCm38/chromosomes/chrY.fa
    output: /mnt/trcanmed/snaketree/prj/XenoMiner/local/share/data/GRCm38_101/chrY_101_frags
    jobid: 83
    wildcards: len=101, chrom=chrY

[Tue Jul 20 11:52:36 2021]
Finished job 63.
66 of 85 steps (78%) done

[Tue Jul 20 11:52:36 2021]
rule split_genome:
    input: /mnt/trcanmed/snaketree/prj/XenoMiner/local/share/data/GRCm38/chromosomes/chrY.fa
    output: /mnt/trcanmed/snaketree/prj/XenoMiner/local/share/data/GRCm38_48/chrY_48_frags
    jobid: 81
    wildcards: len=48, chrom=chrY

[Tue Jul 20 11:52:39 2021]
Finished job 62.
67 of 85 steps (79%) done

[Tue Jul 20 11:52:39 2021]
rule split_genome:
    input: /mnt/trcanmed/snaketree/prj/XenoMiner/local/share/data/GRCm38/chromosomes/chr18.fa
    output: /mnt/trcanmed/snaketree/prj/XenoMiner/local/share/data/GRCm38_150/chr18_150_frags
    jobid: 72
    wildcards: len=150, chrom=chr18

[Tue Jul 20 11:52:42 2021]
Finished job 68.
68 of 85 steps (80%) done

[Tue Jul 20 11:52:42 2021]
rule split_genome:
    input: /mnt/trcanmed/snaketree/prj/XenoMiner/local/share/data/GRCm38/chromosomes/chr18.fa
    output: /mnt/trcanmed/snaketree/prj/XenoMiner/local/share/data/GRCm38_76/chr18_76_frags
    jobid: 70
    wildcards: len=76, chrom=chr18

[Tue Jul 20 11:52:45 2021]
Finished job 67.
69 of 85 steps (81%) done

[Tue Jul 20 11:52:45 2021]
rule split_genome:
    input: /mnt/trcanmed/snaketree/prj/XenoMiner/local/share/data/GRCm38/chromosomes/chr18.fa
    output: /mnt/trcanmed/snaketree/prj/XenoMiner/local/share/data/GRCm38_101/chr18_101_frags
    jobid: 71
    wildcards: len=101, chrom=chr18

[Tue Jul 20 11:52:47 2021]
Finished job 61.
70 of 85 steps (82%) done
[Tue Jul 20 11:52:48 2021]
Finished job 66.
71 of 85 steps (84%) done
[Tue Jul 20 11:52:48 2021]
Finished job 84.
72 of 85 steps (85%) done

[Tue Jul 20 11:52:48 2021]
rule split_genome:
    input: /mnt/trcanmed/snaketree/prj/XenoMiner/local/share/data/GRCm38/chromosomes/chr19.fa
    output: /mnt/trcanmed/snaketree/prj/XenoMiner/local/share/data/GRCm38_150/chr19_150_frags
    jobid: 76
    wildcards: len=150, chrom=chr19


[Tue Jul 20 11:52:49 2021]
rule split_genome:
    input: /mnt/trcanmed/snaketree/prj/XenoMiner/local/share/data/GRCm38/chromosomes/chr19.fa
    output: /mnt/trcanmed/snaketree/prj/XenoMiner/local/share/data/GRCm38_48/chr19_48_frags
    jobid: 73
    wildcards: len=48, chrom=chr19

[Tue Jul 20 11:52:49 2021]
Finished job 83.
73 of 85 steps (86%) done

[Tue Jul 20 11:52:49 2021]
rule split_genome:
    input: /mnt/trcanmed/snaketree/prj/XenoMiner/local/share/data/GRCm38/chromosomes/chr18.fa
    output: /mnt/trcanmed/snaketree/prj/XenoMiner/local/share/data/GRCm38_48/chr18_48_frags
    jobid: 69
    wildcards: len=48, chrom=chr18

[Tue Jul 20 11:52:50 2021]
Finished job 65.
74 of 85 steps (87%) done
[Tue Jul 20 11:52:50 2021]
Finished job 82.
75 of 85 steps (88%) done

[Tue Jul 20 11:52:50 2021]
rule split_genome:
    input: /mnt/trcanmed/snaketree/prj/XenoMiner/local/share/data/GRCm38/chromosomes/chr19.fa
    output: /mnt/trcanmed/snaketree/prj/XenoMiner/local/share/data/GRCm38_76/chr19_76_frags
    jobid: 74
    wildcards: len=76, chrom=chr19


[Tue Jul 20 11:52:50 2021]
rule split_genome:
    input: /mnt/trcanmed/snaketree/prj/XenoMiner/local/share/data/GRCm38/chromosomes/chr19.fa
    output: /mnt/trcanmed/snaketree/prj/XenoMiner/local/share/data/GRCm38_101/chr19_101_frags
    jobid: 75
    wildcards: len=101, chrom=chr19

[Tue Jul 20 11:52:50 2021]
Finished job 81.
76 of 85 steps (89%) done
[Tue Jul 20 11:52:56 2021]
Finished job 76.
77 of 85 steps (91%) done
[Tue Jul 20 11:53:01 2021]
Finished job 75.
78 of 85 steps (92%) done
[Tue Jul 20 11:53:03 2021]
Finished job 74.
79 of 85 steps (93%) done
[Tue Jul 20 11:53:04 2021]
Finished job 72.
80 of 85 steps (94%) done
[Tue Jul 20 11:53:05 2021]
Finished job 71.
81 of 85 steps (95%) done
[Tue Jul 20 11:53:05 2021]
Finished job 73.
82 of 85 steps (96%) done
[Tue Jul 20 11:53:05 2021]
Finished job 70.
83 of 85 steps (98%) done
[Tue Jul 20 11:53:06 2021]
Finished job 69.
84 of 85 steps (99%) done

[Tue Jul 20 11:53:06 2021]
localrule all:
    input: /mnt/trcanmed/snaketree/prj/XenoMiner/local/share/data/GRCm38_48/chr1_48_frags, /mnt/trcanmed/snaketree/prj/XenoMiner/local/share/data/GRCm38_76/chr1_76_frags, /mnt/trcanmed/snaketree/prj/XenoMiner/local/share/data/GRCm38_101/chr1_101_frags, /mnt/trcanmed/snaketree/prj/XenoMiner/local/share/data/GRCm38_150/chr1_150_frags, /mnt/trcanmed/snaketree/prj/XenoMiner/local/share/data/GRCm38_48/chr2_48_frags, /mnt/trcanmed/snaketree/prj/XenoMiner/local/share/data/GRCm38_76/chr2_76_frags, /mnt/trcanmed/snaketree/prj/XenoMiner/local/share/data/GRCm38_101/chr2_101_frags, /mnt/trcanmed/snaketree/prj/XenoMiner/local/share/data/GRCm38_150/chr2_150_frags, /mnt/trcanmed/snaketree/prj/XenoMiner/local/share/data/GRCm38_48/chr3_48_frags, /mnt/trcanmed/snaketree/prj/XenoMiner/local/share/data/GRCm38_76/chr3_76_frags, /mnt/trcanmed/snaketree/prj/XenoMiner/local/share/data/GRCm38_101/chr3_101_frags, /mnt/trcanmed/snaketree/prj/XenoMiner/local/share/data/GRCm38_150/chr3_150_frags, /mnt/trcanmed/snaketree/prj/XenoMiner/local/share/data/GRCm38_48/chr4_48_frags, /mnt/trcanmed/snaketree/prj/XenoMiner/local/share/data/GRCm38_76/chr4_76_frags, /mnt/trcanmed/snaketree/prj/XenoMiner/local/share/data/GRCm38_101/chr4_101_frags, /mnt/trcanmed/snaketree/prj/XenoMiner/local/share/data/GRCm38_150/chr4_150_frags, /mnt/trcanmed/snaketree/prj/XenoMiner/local/share/data/GRCm38_48/chr5_48_frags, /mnt/trcanmed/snaketree/prj/XenoMiner/local/share/data/GRCm38_76/chr5_76_frags, /mnt/trcanmed/snaketree/prj/XenoMiner/local/share/data/GRCm38_101/chr5_101_frags, /mnt/trcanmed/snaketree/prj/XenoMiner/local/share/data/GRCm38_150/chr5_150_frags, /mnt/trcanmed/snaketree/prj/XenoMiner/local/share/data/GRCm38_48/chr6_48_frags, /mnt/trcanmed/snaketree/prj/XenoMiner/local/share/data/GRCm38_76/chr6_76_frags, /mnt/trcanmed/snaketree/prj/XenoMiner/local/share/data/GRCm38_101/chr6_101_frags, /mnt/trcanmed/snaketree/prj/XenoMiner/local/share/data/GRCm38_150/chr6_150_frags, /mnt/trcanmed/snaketree/prj/XenoMiner/local/share/data/GRCm38_48/chr7_48_frags, /mnt/trcanmed/snaketree/prj/XenoMiner/local/share/data/GRCm38_76/chr7_76_frags, /mnt/trcanmed/snaketree/prj/XenoMiner/local/share/data/GRCm38_101/chr7_101_frags, /mnt/trcanmed/snaketree/prj/XenoMiner/local/share/data/GRCm38_150/chr7_150_frags, /mnt/trcanmed/snaketree/prj/XenoMiner/local/share/data/GRCm38_48/chr8_48_frags, /mnt/trcanmed/snaketree/prj/XenoMiner/local/share/data/GRCm38_76/chr8_76_frags, /mnt/trcanmed/snaketree/prj/XenoMiner/local/share/data/GRCm38_101/chr8_101_frags, /mnt/trcanmed/snaketree/prj/XenoMiner/local/share/data/GRCm38_150/chr8_150_frags, /mnt/trcanmed/snaketree/prj/XenoMiner/local/share/data/GRCm38_48/chr9_48_frags, /mnt/trcanmed/snaketree/prj/XenoMiner/local/share/data/GRCm38_76/chr9_76_frags, /mnt/trcanmed/snaketree/prj/XenoMiner/local/share/data/GRCm38_101/chr9_101_frags, /mnt/trcanmed/snaketree/prj/XenoMiner/local/share/data/GRCm38_150/chr9_150_frags, /mnt/trcanmed/snaketree/prj/XenoMiner/local/share/data/GRCm38_48/chr10_48_frags, /mnt/trcanmed/snaketree/prj/XenoMiner/local/share/data/GRCm38_76/chr10_76_frags, /mnt/trcanmed/snaketree/prj/XenoMiner/local/share/data/GRCm38_101/chr10_101_frags, /mnt/trcanmed/snaketree/prj/XenoMiner/local/share/data/GRCm38_150/chr10_150_frags, /mnt/trcanmed/snaketree/prj/XenoMiner/local/share/data/GRCm38_48/chr11_48_frags, /mnt/trcanmed/snaketree/prj/XenoMiner/local/share/data/GRCm38_76/chr11_76_frags, /mnt/trcanmed/snaketree/prj/XenoMiner/local/share/data/GRCm38_101/chr11_101_frags, /mnt/trcanmed/snaketree/prj/XenoMiner/local/share/data/GRCm38_150/chr11_150_frags, /mnt/trcanmed/snaketree/prj/XenoMiner/local/share/data/GRCm38_48/chr12_48_frags, /mnt/trcanmed/snaketree/prj/XenoMiner/local/share/data/GRCm38_76/chr12_76_frags, /mnt/trcanmed/snaketree/prj/XenoMiner/local/share/data/GRCm38_101/chr12_101_frags, /mnt/trcanmed/snaketree/prj/XenoMiner/local/share/data/GRCm38_150/chr12_150_frags, /mnt/trcanmed/snaketree/prj/XenoMiner/local/share/data/GRCm38_48/chr13_48_frags, /mnt/trcanmed/snaketree/prj/XenoMiner/local/share/data/GRCm38_76/chr13_76_frags, /mnt/trcanmed/snaketree/prj/XenoMiner/local/share/data/GRCm38_101/chr13_101_frags, /mnt/trcanmed/snaketree/prj/XenoMiner/local/share/data/GRCm38_150/chr13_150_frags, /mnt/trcanmed/snaketree/prj/XenoMiner/local/share/data/GRCm38_48/chr14_48_frags, /mnt/trcanmed/snaketree/prj/XenoMiner/local/share/data/GRCm38_76/chr14_76_frags, /mnt/trcanmed/snaketree/prj/XenoMiner/local/share/data/GRCm38_101/chr14_101_frags, /mnt/trcanmed/snaketree/prj/XenoMiner/local/share/data/GRCm38_150/chr14_150_frags, /mnt/trcanmed/snaketree/prj/XenoMiner/local/share/data/GRCm38_48/chr15_48_frags, /mnt/trcanmed/snaketree/prj/XenoMiner/local/share/data/GRCm38_76/chr15_76_frags, /mnt/trcanmed/snaketree/prj/XenoMiner/local/share/data/GRCm38_101/chr15_101_frags, /mnt/trcanmed/snaketree/prj/XenoMiner/local/share/data/GRCm38_150/chr15_150_frags, /mnt/trcanmed/snaketree/prj/XenoMiner/local/share/data/GRCm38_48/chr16_48_frags, /mnt/trcanmed/snaketree/prj/XenoMiner/local/share/data/GRCm38_76/chr16_76_frags, /mnt/trcanmed/snaketree/prj/XenoMiner/local/share/data/GRCm38_101/chr16_101_frags, /mnt/trcanmed/snaketree/prj/XenoMiner/local/share/data/GRCm38_150/chr16_150_frags, /mnt/trcanmed/snaketree/prj/XenoMiner/local/share/data/GRCm38_48/chr17_48_frags, /mnt/trcanmed/snaketree/prj/XenoMiner/local/share/data/GRCm38_76/chr17_76_frags, /mnt/trcanmed/snaketree/prj/XenoMiner/local/share/data/GRCm38_101/chr17_101_frags, /mnt/trcanmed/snaketree/prj/XenoMiner/local/share/data/GRCm38_150/chr17_150_frags, /mnt/trcanmed/snaketree/prj/XenoMiner/local/share/data/GRCm38_48/chr18_48_frags, /mnt/trcanmed/snaketree/prj/XenoMiner/local/share/data/GRCm38_76/chr18_76_frags, /mnt/trcanmed/snaketree/prj/XenoMiner/local/share/data/GRCm38_101/chr18_101_frags, /mnt/trcanmed/snaketree/prj/XenoMiner/local/share/data/GRCm38_150/chr18_150_frags, /mnt/trcanmed/snaketree/prj/XenoMiner/local/share/data/GRCm38_48/chr19_48_frags, /mnt/trcanmed/snaketree/prj/XenoMiner/local/share/data/GRCm38_76/chr19_76_frags, /mnt/trcanmed/snaketree/prj/XenoMiner/local/share/data/GRCm38_101/chr19_101_frags, /mnt/trcanmed/snaketree/prj/XenoMiner/local/share/data/GRCm38_150/chr19_150_frags, /mnt/trcanmed/snaketree/prj/XenoMiner/local/share/data/GRCm38_48/chrX_48_frags, /mnt/trcanmed/snaketree/prj/XenoMiner/local/share/data/GRCm38_76/chrX_76_frags, /mnt/trcanmed/snaketree/prj/XenoMiner/local/share/data/GRCm38_101/chrX_101_frags, /mnt/trcanmed/snaketree/prj/XenoMiner/local/share/data/GRCm38_150/chrX_150_frags, /mnt/trcanmed/snaketree/prj/XenoMiner/local/share/data/GRCm38_48/chrY_48_frags, /mnt/trcanmed/snaketree/prj/XenoMiner/local/share/data/GRCm38_76/chrY_76_frags, /mnt/trcanmed/snaketree/prj/XenoMiner/local/share/data/GRCm38_101/chrY_101_frags, /mnt/trcanmed/snaketree/prj/XenoMiner/local/share/data/GRCm38_150/chrY_150_frags
    jobid: 0

[Tue Jul 20 11:53:06 2021]
Finished job 0.
85 of 85 steps (100%) done
Complete log: /mnt/trcanmed/snaketree/prj/XenoMiner/local/.snakemake/log/2021-07-20T114725.375608.snakemake.log
