Building DAG of jobs...
Using shell: /usr/bin/bash
Provided cores: 10
Rules claiming more threads will be scaled down.
Job counts:
	count	jobs
	1	all
	40	kmers_frequency
	41

[Fri Jul 23 15:43:18 2021]
rule kmers_frequency:
    input: /mnt/trcanmed/snaketree/prj/XenoMiner/local/share/data/10mer_dictionary, /mnt/trcanmed/snaketree/prj/XenoMiner/local/share/data/GRCm38_48/chr1_48_frags
    output: /mnt/trcanmed/snaketree/prj/XenoMiner/local/share/data/GRCm38_48/chr1_48_10mer_freq
    log: /mnt/trcanmed/snaketree/prj/XenoMiner/dataset/logs/GRCm38_chr1_48_10mer.log
    jobid: 92
    benchmark: /mnt/trcanmed/snaketree/prj/XenoMiner/dataset/benchmarks/GRCm38_chr1_48_10mer.tsv
    wildcards: len=48, chrom=chr1, k=10


[Fri Jul 23 15:43:18 2021]
rule kmers_frequency:
    input: /mnt/trcanmed/snaketree/prj/XenoMiner/local/share/data/6mer_dictionary, /mnt/trcanmed/snaketree/prj/XenoMiner/local/share/data/GRCm38_48/chr1_48_frags
    output: /mnt/trcanmed/snaketree/prj/XenoMiner/local/share/data/GRCm38_48/chr1_48_6mer_freq
    log: /mnt/trcanmed/snaketree/prj/XenoMiner/dataset/logs/GRCm38_chr1_48_6mer.log
    jobid: 88
    benchmark: /mnt/trcanmed/snaketree/prj/XenoMiner/dataset/benchmarks/GRCm38_chr1_48_6mer.tsv
    wildcards: len=48, chrom=chr1, k=6


[Fri Jul 23 15:43:18 2021]
rule kmers_frequency:
    input: /mnt/trcanmed/snaketree/prj/XenoMiner/local/share/data/12mer_dictionary, /mnt/trcanmed/snaketree/prj/XenoMiner/local/share/data/GRCm38_76/chr1_76_frags
    output: /mnt/trcanmed/snaketree/prj/XenoMiner/local/share/data/GRCm38_76/chr1_76_12mer_freq
    log: /mnt/trcanmed/snaketree/prj/XenoMiner/dataset/logs/GRCm38_chr1_76_12mer.log
    jobid: 104
    benchmark: /mnt/trcanmed/snaketree/prj/XenoMiner/dataset/benchmarks/GRCm38_chr1_76_12mer.tsv
    wildcards: len=76, chrom=chr1, k=12


[Fri Jul 23 15:43:18 2021]
rule kmers_frequency:
    input: /mnt/trcanmed/snaketree/prj/XenoMiner/local/share/data/8mer_dictionary, /mnt/trcanmed/snaketree/prj/XenoMiner/local/share/data/GRCm38_48/chr1_48_frags
    output: /mnt/trcanmed/snaketree/prj/XenoMiner/local/share/data/GRCm38_48/chr1_48_8mer_freq
    log: /mnt/trcanmed/snaketree/prj/XenoMiner/dataset/logs/GRCm38_chr1_48_8mer.log
    jobid: 90
    benchmark: /mnt/trcanmed/snaketree/prj/XenoMiner/dataset/benchmarks/GRCm38_chr1_48_8mer.tsv
    wildcards: len=48, chrom=chr1, k=8


[Fri Jul 23 15:43:18 2021]
rule kmers_frequency:
    input: /mnt/trcanmed/snaketree/prj/XenoMiner/local/share/data/7mer_dictionary, /mnt/trcanmed/snaketree/prj/XenoMiner/local/share/data/GRCm38_48/chr1_48_frags
    output: /mnt/trcanmed/snaketree/prj/XenoMiner/local/share/data/GRCm38_48/chr1_48_7mer_freq
    log: /mnt/trcanmed/snaketree/prj/XenoMiner/dataset/logs/GRCm38_chr1_48_7mer.log
    jobid: 89
    benchmark: /mnt/trcanmed/snaketree/prj/XenoMiner/dataset/benchmarks/GRCm38_chr1_48_7mer.tsv
    wildcards: len=48, chrom=chr1, k=7


[Fri Jul 23 15:43:18 2021]
rule kmers_frequency:
    input: /mnt/trcanmed/snaketree/prj/XenoMiner/local/share/data/9mer_dictionary, /mnt/trcanmed/snaketree/prj/XenoMiner/local/share/data/GRCm38_48/chr1_48_frags
    output: /mnt/trcanmed/snaketree/prj/XenoMiner/local/share/data/GRCm38_48/chr1_48_9mer_freq
    log: /mnt/trcanmed/snaketree/prj/XenoMiner/dataset/logs/GRCm38_chr1_48_9mer.log
    jobid: 91
    benchmark: /mnt/trcanmed/snaketree/prj/XenoMiner/dataset/benchmarks/GRCm38_chr1_48_9mer.tsv
    wildcards: len=48, chrom=chr1, k=9


[Fri Jul 23 15:43:18 2021]
rule kmers_frequency:
    input: /mnt/trcanmed/snaketree/prj/XenoMiner/local/share/data/12mer_dictionary, /mnt/trcanmed/snaketree/prj/XenoMiner/local/share/data/GRCm38_48/chr1_48_frags
    output: /mnt/trcanmed/snaketree/prj/XenoMiner/local/share/data/GRCm38_48/chr1_48_12mer_freq
    log: /mnt/trcanmed/snaketree/prj/XenoMiner/dataset/logs/GRCm38_chr1_48_12mer.log
    jobid: 94
    benchmark: /mnt/trcanmed/snaketree/prj/XenoMiner/dataset/benchmarks/GRCm38_chr1_48_12mer.tsv
    wildcards: len=48, chrom=chr1, k=12


[Fri Jul 23 15:43:18 2021]
rule kmers_frequency:
    input: /mnt/trcanmed/snaketree/prj/XenoMiner/local/share/data/5mer_dictionary, /mnt/trcanmed/snaketree/prj/XenoMiner/local/share/data/GRCm38_48/chr1_48_frags
    output: /mnt/trcanmed/snaketree/prj/XenoMiner/local/share/data/GRCm38_48/chr1_48_5mer_freq
    log: /mnt/trcanmed/snaketree/prj/XenoMiner/dataset/logs/GRCm38_chr1_48_5mer.log
    jobid: 87
    benchmark: /mnt/trcanmed/snaketree/prj/XenoMiner/dataset/benchmarks/GRCm38_chr1_48_5mer.tsv
    wildcards: len=48, chrom=chr1, k=5


[Fri Jul 23 15:43:18 2021]
rule kmers_frequency:
    input: /mnt/trcanmed/snaketree/prj/XenoMiner/local/share/data/11mer_dictionary, /mnt/trcanmed/snaketree/prj/XenoMiner/local/share/data/GRCm38_48/chr1_48_frags
    output: /mnt/trcanmed/snaketree/prj/XenoMiner/local/share/data/GRCm38_48/chr1_48_11mer_freq
    log: /mnt/trcanmed/snaketree/prj/XenoMiner/dataset/logs/GRCm38_chr1_48_11mer.log
    jobid: 93
    benchmark: /mnt/trcanmed/snaketree/prj/XenoMiner/dataset/benchmarks/GRCm38_chr1_48_11mer.tsv
    wildcards: len=48, chrom=chr1, k=11


[Fri Jul 23 15:43:18 2021]
rule kmers_frequency:
    input: /mnt/trcanmed/snaketree/prj/XenoMiner/local/share/data/12mer_dictionary, /mnt/trcanmed/snaketree/prj/XenoMiner/local/share/data/GRCm38_101/chr1_101_frags
    output: /mnt/trcanmed/snaketree/prj/XenoMiner/local/share/data/GRCm38_101/chr1_101_12mer_freq
    log: /mnt/trcanmed/snaketree/prj/XenoMiner/dataset/logs/GRCm38_chr1_101_12mer.log
    jobid: 114
    benchmark: /mnt/trcanmed/snaketree/prj/XenoMiner/dataset/benchmarks/GRCm38_chr1_101_12mer.tsv
    wildcards: len=101, chrom=chr1, k=12

[Fri Jul 23 15:46:06 2021]
Finished job 88.
1 of 41 steps (2%) done

[Fri Jul 23 15:46:07 2021]
rule kmers_frequency:
    input: /mnt/trcanmed/snaketree/prj/XenoMiner/local/share/data/4mer_dictionary, /mnt/trcanmed/snaketree/prj/XenoMiner/local/share/data/GRCm38_48/chr1_48_frags
    output: /mnt/trcanmed/snaketree/prj/XenoMiner/local/share/data/GRCm38_48/chr1_48_4mer_freq
    log: /mnt/trcanmed/snaketree/prj/XenoMiner/dataset/logs/GRCm38_chr1_48_4mer.log
    jobid: 86
    benchmark: /mnt/trcanmed/snaketree/prj/XenoMiner/dataset/benchmarks/GRCm38_chr1_48_4mer.tsv
    wildcards: len=48, chrom=chr1, k=4

[Fri Jul 23 15:46:07 2021]
Finished job 87.
2 of 41 steps (5%) done

[Fri Jul 23 15:46:08 2021]
rule kmers_frequency:
    input: /mnt/trcanmed/snaketree/prj/XenoMiner/local/share/data/3mer_dictionary, /mnt/trcanmed/snaketree/prj/XenoMiner/local/share/data/GRCm38_48/chr1_48_frags
    output: /mnt/trcanmed/snaketree/prj/XenoMiner/local/share/data/GRCm38_48/chr1_48_3mer_freq
    log: /mnt/trcanmed/snaketree/prj/XenoMiner/dataset/logs/GRCm38_chr1_48_3mer.log
    jobid: 85
    benchmark: /mnt/trcanmed/snaketree/prj/XenoMiner/dataset/benchmarks/GRCm38_chr1_48_3mer.tsv
    wildcards: len=48, chrom=chr1, k=3

[Fri Jul 23 15:46:14 2021]
Finished job 89.
3 of 41 steps (7%) done

[Fri Jul 23 15:46:15 2021]
rule kmers_frequency:
    input: /mnt/trcanmed/snaketree/prj/XenoMiner/local/share/data/12mer_dictionary, /mnt/trcanmed/snaketree/prj/XenoMiner/local/share/data/GRCm38_150/chr1_150_frags
    output: /mnt/trcanmed/snaketree/prj/XenoMiner/local/share/data/GRCm38_150/chr1_150_12mer_freq
    log: /mnt/trcanmed/snaketree/prj/XenoMiner/dataset/logs/GRCm38_chr1_150_12mer.log
    jobid: 124
    benchmark: /mnt/trcanmed/snaketree/prj/XenoMiner/dataset/benchmarks/GRCm38_chr1_150_12mer.tsv
    wildcards: len=150, chrom=chr1, k=12

[Fri Jul 23 15:48:19 2021]
Finished job 90.
4 of 41 steps (10%) done

[Fri Jul 23 15:48:19 2021]
rule kmers_frequency:
    input: /mnt/trcanmed/snaketree/prj/XenoMiner/local/share/data/11mer_dictionary, /mnt/trcanmed/snaketree/prj/XenoMiner/local/share/data/GRCm38_76/chr1_76_frags
    output: /mnt/trcanmed/snaketree/prj/XenoMiner/local/share/data/GRCm38_76/chr1_76_11mer_freq
    log: /mnt/trcanmed/snaketree/prj/XenoMiner/dataset/logs/GRCm38_chr1_76_11mer.log
    jobid: 103
    benchmark: /mnt/trcanmed/snaketree/prj/XenoMiner/dataset/benchmarks/GRCm38_chr1_76_11mer.tsv
    wildcards: len=76, chrom=chr1, k=11

[Fri Jul 23 15:48:22 2021]
Finished job 91.
5 of 41 steps (12%) done

[Fri Jul 23 15:48:22 2021]
rule kmers_frequency:
    input: /mnt/trcanmed/snaketree/prj/XenoMiner/local/share/data/10mer_dictionary, /mnt/trcanmed/snaketree/prj/XenoMiner/local/share/data/GRCm38_76/chr1_76_frags
    output: /mnt/trcanmed/snaketree/prj/XenoMiner/local/share/data/GRCm38_76/chr1_76_10mer_freq
    log: /mnt/trcanmed/snaketree/prj/XenoMiner/dataset/logs/GRCm38_chr1_76_10mer.log
    jobid: 102
    benchmark: /mnt/trcanmed/snaketree/prj/XenoMiner/dataset/benchmarks/GRCm38_chr1_76_10mer.tsv
    wildcards: len=76, chrom=chr1, k=10

[Fri Jul 23 15:48:42 2021]
Finished job 92.
6 of 41 steps (15%) done

[Fri Jul 23 15:48:42 2021]
rule kmers_frequency:
    input: /mnt/trcanmed/snaketree/prj/XenoMiner/local/share/data/9mer_dictionary, /mnt/trcanmed/snaketree/prj/XenoMiner/local/share/data/GRCm38_76/chr1_76_frags
    output: /mnt/trcanmed/snaketree/prj/XenoMiner/local/share/data/GRCm38_76/chr1_76_9mer_freq
    log: /mnt/trcanmed/snaketree/prj/XenoMiner/dataset/logs/GRCm38_chr1_76_9mer.log
    jobid: 101
    benchmark: /mnt/trcanmed/snaketree/prj/XenoMiner/dataset/benchmarks/GRCm38_chr1_76_9mer.tsv
    wildcards: len=76, chrom=chr1, k=9

[Fri Jul 23 15:51:34 2021]
Finished job 93.
7 of 41 steps (17%) done

[Fri Jul 23 15:51:34 2021]
rule kmers_frequency:
    input: /mnt/trcanmed/snaketree/prj/XenoMiner/local/share/data/8mer_dictionary, /mnt/trcanmed/snaketree/prj/XenoMiner/local/share/data/GRCm38_76/chr1_76_frags
    output: /mnt/trcanmed/snaketree/prj/XenoMiner/local/share/data/GRCm38_76/chr1_76_8mer_freq
    log: /mnt/trcanmed/snaketree/prj/XenoMiner/dataset/logs/GRCm38_chr1_76_8mer.log
    jobid: 100
    benchmark: /mnt/trcanmed/snaketree/prj/XenoMiner/dataset/benchmarks/GRCm38_chr1_76_8mer.tsv
    wildcards: len=76, chrom=chr1, k=8

[Fri Jul 23 15:51:51 2021]
Finished job 85.
8 of 41 steps (20%) done
[Fri Jul 23 15:51:52 2021]
Finished job 86.
9 of 41 steps (22%) done

[Fri Jul 23 15:51:52 2021]
rule kmers_frequency:
    input: /mnt/trcanmed/snaketree/prj/XenoMiner/local/share/data/6mer_dictionary, /mnt/trcanmed/snaketree/prj/XenoMiner/local/share/data/GRCm38_76/chr1_76_frags
    output: /mnt/trcanmed/snaketree/prj/XenoMiner/local/share/data/GRCm38_76/chr1_76_6mer_freq
    log: /mnt/trcanmed/snaketree/prj/XenoMiner/dataset/logs/GRCm38_chr1_76_6mer.log
    jobid: 98
    benchmark: /mnt/trcanmed/snaketree/prj/XenoMiner/dataset/benchmarks/GRCm38_chr1_76_6mer.tsv
    wildcards: len=76, chrom=chr1, k=6


[Fri Jul 23 15:51:53 2021]
rule kmers_frequency:
    input: /mnt/trcanmed/snaketree/prj/XenoMiner/local/share/data/7mer_dictionary, /mnt/trcanmed/snaketree/prj/XenoMiner/local/share/data/GRCm38_76/chr1_76_frags
    output: /mnt/trcanmed/snaketree/prj/XenoMiner/local/share/data/GRCm38_76/chr1_76_7mer_freq
    log: /mnt/trcanmed/snaketree/prj/XenoMiner/dataset/logs/GRCm38_chr1_76_7mer.log
    jobid: 99
    benchmark: /mnt/trcanmed/snaketree/prj/XenoMiner/dataset/benchmarks/GRCm38_chr1_76_7mer.tsv
    wildcards: len=76, chrom=chr1, k=7

[Fri Jul 23 15:51:55 2021]
Finished job 94.
10 of 41 steps (24%) done
[Fri Jul 23 15:51:56 2021]
Finished job 114.
11 of 41 steps (27%) done

[Fri Jul 23 15:51:56 2021]
rule kmers_frequency:
    input: /mnt/trcanmed/snaketree/prj/XenoMiner/local/share/data/4mer_dictionary, /mnt/trcanmed/snaketree/prj/XenoMiner/local/share/data/GRCm38_76/chr1_76_frags
    output: /mnt/trcanmed/snaketree/prj/XenoMiner/local/share/data/GRCm38_76/chr1_76_4mer_freq
    log: /mnt/trcanmed/snaketree/prj/XenoMiner/dataset/logs/GRCm38_chr1_76_4mer.log
    jobid: 96
    benchmark: /mnt/trcanmed/snaketree/prj/XenoMiner/dataset/benchmarks/GRCm38_chr1_76_4mer.tsv
    wildcards: len=76, chrom=chr1, k=4


[Fri Jul 23 15:51:56 2021]
rule kmers_frequency:
    input: /mnt/trcanmed/snaketree/prj/XenoMiner/local/share/data/5mer_dictionary, /mnt/trcanmed/snaketree/prj/XenoMiner/local/share/data/GRCm38_76/chr1_76_frags
    output: /mnt/trcanmed/snaketree/prj/XenoMiner/local/share/data/GRCm38_76/chr1_76_5mer_freq
    log: /mnt/trcanmed/snaketree/prj/XenoMiner/dataset/logs/GRCm38_chr1_76_5mer.log
    jobid: 97
    benchmark: /mnt/trcanmed/snaketree/prj/XenoMiner/dataset/benchmarks/GRCm38_chr1_76_5mer.tsv
    wildcards: len=76, chrom=chr1, k=5

[Fri Jul 23 15:52:04 2021]
Finished job 104.
12 of 41 steps (29%) done

[Fri Jul 23 15:52:04 2021]
rule kmers_frequency:
    input: /mnt/trcanmed/snaketree/prj/XenoMiner/local/share/data/3mer_dictionary, /mnt/trcanmed/snaketree/prj/XenoMiner/local/share/data/GRCm38_76/chr1_76_frags
    output: /mnt/trcanmed/snaketree/prj/XenoMiner/local/share/data/GRCm38_76/chr1_76_3mer_freq
    log: /mnt/trcanmed/snaketree/prj/XenoMiner/dataset/logs/GRCm38_chr1_76_3mer.log
    jobid: 95
    benchmark: /mnt/trcanmed/snaketree/prj/XenoMiner/dataset/benchmarks/GRCm38_chr1_76_3mer.tsv
    wildcards: len=76, chrom=chr1, k=3

[Fri Jul 23 15:54:54 2021]
Finished job 101.
13 of 41 steps (32%) done

[Fri Jul 23 15:54:54 2021]
rule kmers_frequency:
    input: /mnt/trcanmed/snaketree/prj/XenoMiner/local/share/data/11mer_dictionary, /mnt/trcanmed/snaketree/prj/XenoMiner/local/share/data/GRCm38_101/chr1_101_frags
    output: /mnt/trcanmed/snaketree/prj/XenoMiner/local/share/data/GRCm38_101/chr1_101_11mer_freq
    log: /mnt/trcanmed/snaketree/prj/XenoMiner/dataset/logs/GRCm38_chr1_101_11mer.log
    jobid: 113
    benchmark: /mnt/trcanmed/snaketree/prj/XenoMiner/dataset/benchmarks/GRCm38_chr1_101_11mer.tsv
    wildcards: len=101, chrom=chr1, k=11

[Fri Jul 23 15:54:59 2021]
Finished job 124.
14 of 41 steps (34%) done

[Fri Jul 23 15:54:59 2021]
rule kmers_frequency:
    input: /mnt/trcanmed/snaketree/prj/XenoMiner/local/share/data/10mer_dictionary, /mnt/trcanmed/snaketree/prj/XenoMiner/local/share/data/GRCm38_101/chr1_101_frags
    output: /mnt/trcanmed/snaketree/prj/XenoMiner/local/share/data/GRCm38_101/chr1_101_10mer_freq
    log: /mnt/trcanmed/snaketree/prj/XenoMiner/dataset/logs/GRCm38_chr1_101_10mer.log
    jobid: 112
    benchmark: /mnt/trcanmed/snaketree/prj/XenoMiner/dataset/benchmarks/GRCm38_chr1_101_10mer.tsv
    wildcards: len=101, chrom=chr1, k=10

[Fri Jul 23 15:55:33 2021]
Finished job 102.
15 of 41 steps (37%) done

[Fri Jul 23 15:55:33 2021]
rule kmers_frequency:
    input: /mnt/trcanmed/snaketree/prj/XenoMiner/local/share/data/9mer_dictionary, /mnt/trcanmed/snaketree/prj/XenoMiner/local/share/data/GRCm38_101/chr1_101_frags
    output: /mnt/trcanmed/snaketree/prj/XenoMiner/local/share/data/GRCm38_101/chr1_101_9mer_freq
    log: /mnt/trcanmed/snaketree/prj/XenoMiner/dataset/logs/GRCm38_chr1_101_9mer.log
    jobid: 111
    benchmark: /mnt/trcanmed/snaketree/prj/XenoMiner/dataset/benchmarks/GRCm38_chr1_101_9mer.tsv
    wildcards: len=101, chrom=chr1, k=9

[Fri Jul 23 15:57:10 2021]
Finished job 96.
16 of 41 steps (39%) done
[Fri Jul 23 15:57:12 2021]
Finished job 95.
17 of 41 steps (41%) done
[Fri Jul 23 15:57:13 2021]
Finished job 103.
18 of 41 steps (44%) done

[Fri Jul 23 15:57:13 2021]
rule kmers_frequency:
    input: /mnt/trcanmed/snaketree/prj/XenoMiner/local/share/data/6mer_dictionary, /mnt/trcanmed/snaketree/prj/XenoMiner/local/share/data/GRCm38_101/chr1_101_frags
    output: /mnt/trcanmed/snaketree/prj/XenoMiner/local/share/data/GRCm38_101/chr1_101_6mer_freq
    log: /mnt/trcanmed/snaketree/prj/XenoMiner/dataset/logs/GRCm38_chr1_101_6mer.log
    jobid: 108
    benchmark: /mnt/trcanmed/snaketree/prj/XenoMiner/dataset/benchmarks/GRCm38_chr1_101_6mer.tsv
    wildcards: len=101, chrom=chr1, k=6


[Fri Jul 23 15:57:14 2021]
rule kmers_frequency:
    input: /mnt/trcanmed/snaketree/prj/XenoMiner/local/share/data/7mer_dictionary, /mnt/trcanmed/snaketree/prj/XenoMiner/local/share/data/GRCm38_101/chr1_101_frags
    output: /mnt/trcanmed/snaketree/prj/XenoMiner/local/share/data/GRCm38_101/chr1_101_7mer_freq
    log: /mnt/trcanmed/snaketree/prj/XenoMiner/dataset/logs/GRCm38_chr1_101_7mer.log
    jobid: 109
    benchmark: /mnt/trcanmed/snaketree/prj/XenoMiner/dataset/benchmarks/GRCm38_chr1_101_7mer.tsv
    wildcards: len=101, chrom=chr1, k=7


[Fri Jul 23 15:57:15 2021]
rule kmers_frequency:
    input: /mnt/trcanmed/snaketree/prj/XenoMiner/local/share/data/8mer_dictionary, /mnt/trcanmed/snaketree/prj/XenoMiner/local/share/data/GRCm38_101/chr1_101_frags
    output: /mnt/trcanmed/snaketree/prj/XenoMiner/local/share/data/GRCm38_101/chr1_101_8mer_freq
    log: /mnt/trcanmed/snaketree/prj/XenoMiner/dataset/logs/GRCm38_chr1_101_8mer.log
    jobid: 110
    benchmark: /mnt/trcanmed/snaketree/prj/XenoMiner/dataset/benchmarks/GRCm38_chr1_101_8mer.tsv
    wildcards: len=101, chrom=chr1, k=8

[Fri Jul 23 15:59:05 2021]
Finished job 98.
19 of 41 steps (46%) done
[Fri Jul 23 15:59:06 2021]
Finished job 99.
20 of 41 steps (49%) done
[Fri Jul 23 15:59:07 2021]
Finished job 97.
21 of 41 steps (51%) done
[Fri Jul 23 15:59:08 2021]
Finished job 100.
22 of 41 steps (54%) done

[Fri Jul 23 15:59:08 2021]
rule kmers_frequency:
    input: /mnt/trcanmed/snaketree/prj/XenoMiner/local/share/data/4mer_dictionary, /mnt/trcanmed/snaketree/prj/XenoMiner/local/share/data/GRCm38_101/chr1_101_frags
    output: /mnt/trcanmed/snaketree/prj/XenoMiner/local/share/data/GRCm38_101/chr1_101_4mer_freq
    log: /mnt/trcanmed/snaketree/prj/XenoMiner/dataset/logs/GRCm38_chr1_101_4mer.log
    jobid: 106
    benchmark: /mnt/trcanmed/snaketree/prj/XenoMiner/dataset/benchmarks/GRCm38_chr1_101_4mer.tsv
    wildcards: len=101, chrom=chr1, k=4


[Fri Jul 23 15:59:09 2021]
rule kmers_frequency:
    input: /mnt/trcanmed/snaketree/prj/XenoMiner/local/share/data/3mer_dictionary, /mnt/trcanmed/snaketree/prj/XenoMiner/local/share/data/GRCm38_101/chr1_101_frags
    output: /mnt/trcanmed/snaketree/prj/XenoMiner/local/share/data/GRCm38_101/chr1_101_3mer_freq
    log: /mnt/trcanmed/snaketree/prj/XenoMiner/dataset/logs/GRCm38_chr1_101_3mer.log
    jobid: 105
    benchmark: /mnt/trcanmed/snaketree/prj/XenoMiner/dataset/benchmarks/GRCm38_chr1_101_3mer.tsv
    wildcards: len=101, chrom=chr1, k=3


[Fri Jul 23 15:59:09 2021]
rule kmers_frequency:
    input: /mnt/trcanmed/snaketree/prj/XenoMiner/local/share/data/11mer_dictionary, /mnt/trcanmed/snaketree/prj/XenoMiner/local/share/data/GRCm38_150/chr1_150_frags
    output: /mnt/trcanmed/snaketree/prj/XenoMiner/local/share/data/GRCm38_150/chr1_150_11mer_freq
    log: /mnt/trcanmed/snaketree/prj/XenoMiner/dataset/logs/GRCm38_chr1_150_11mer.log
    jobid: 123
    benchmark: /mnt/trcanmed/snaketree/prj/XenoMiner/dataset/benchmarks/GRCm38_chr1_150_11mer.tsv
    wildcards: len=150, chrom=chr1, k=11


[Fri Jul 23 15:59:10 2021]
rule kmers_frequency:
    input: /mnt/trcanmed/snaketree/prj/XenoMiner/local/share/data/5mer_dictionary, /mnt/trcanmed/snaketree/prj/XenoMiner/local/share/data/GRCm38_101/chr1_101_frags
    output: /mnt/trcanmed/snaketree/prj/XenoMiner/local/share/data/GRCm38_101/chr1_101_5mer_freq
    log: /mnt/trcanmed/snaketree/prj/XenoMiner/dataset/logs/GRCm38_chr1_101_5mer.log
    jobid: 107
    benchmark: /mnt/trcanmed/snaketree/prj/XenoMiner/dataset/benchmarks/GRCm38_chr1_101_5mer.tsv
    wildcards: len=101, chrom=chr1, k=5

[Fri Jul 23 15:59:34 2021]
Finished job 111.
23 of 41 steps (56%) done

[Fri Jul 23 15:59:34 2021]
rule kmers_frequency:
    input: /mnt/trcanmed/snaketree/prj/XenoMiner/local/share/data/10mer_dictionary, /mnt/trcanmed/snaketree/prj/XenoMiner/local/share/data/GRCm38_150/chr1_150_frags
    output: /mnt/trcanmed/snaketree/prj/XenoMiner/local/share/data/GRCm38_150/chr1_150_10mer_freq
    log: /mnt/trcanmed/snaketree/prj/XenoMiner/dataset/logs/GRCm38_chr1_150_10mer.log
    jobid: 122
    benchmark: /mnt/trcanmed/snaketree/prj/XenoMiner/dataset/benchmarks/GRCm38_chr1_150_10mer.tsv
    wildcards: len=150, chrom=chr1, k=10

[Fri Jul 23 16:01:36 2021]
Finished job 112.
24 of 41 steps (59%) done

[Fri Jul 23 16:01:36 2021]
rule kmers_frequency:
    input: /mnt/trcanmed/snaketree/prj/XenoMiner/local/share/data/9mer_dictionary, /mnt/trcanmed/snaketree/prj/XenoMiner/local/share/data/GRCm38_150/chr1_150_frags
    output: /mnt/trcanmed/snaketree/prj/XenoMiner/local/share/data/GRCm38_150/chr1_150_9mer_freq
    log: /mnt/trcanmed/snaketree/prj/XenoMiner/dataset/logs/GRCm38_chr1_150_9mer.log
    jobid: 121
    benchmark: /mnt/trcanmed/snaketree/prj/XenoMiner/dataset/benchmarks/GRCm38_chr1_150_9mer.tsv
    wildcards: len=150, chrom=chr1, k=9

[Fri Jul 23 16:02:49 2021]
Finished job 108.
25 of 41 steps (61%) done

[Fri Jul 23 16:02:49 2021]
rule kmers_frequency:
    input: /mnt/trcanmed/snaketree/prj/XenoMiner/local/share/data/8mer_dictionary, /mnt/trcanmed/snaketree/prj/XenoMiner/local/share/data/GRCm38_150/chr1_150_frags
    output: /mnt/trcanmed/snaketree/prj/XenoMiner/local/share/data/GRCm38_150/chr1_150_8mer_freq
    log: /mnt/trcanmed/snaketree/prj/XenoMiner/dataset/logs/GRCm38_chr1_150_8mer.log
    jobid: 120
    benchmark: /mnt/trcanmed/snaketree/prj/XenoMiner/dataset/benchmarks/GRCm38_chr1_150_8mer.tsv
    wildcards: len=150, chrom=chr1, k=8

[Fri Jul 23 16:03:03 2021]
Finished job 109.
26 of 41 steps (63%) done

[Fri Jul 23 16:03:03 2021]
rule kmers_frequency:
    input: /mnt/trcanmed/snaketree/prj/XenoMiner/local/share/data/7mer_dictionary, /mnt/trcanmed/snaketree/prj/XenoMiner/local/share/data/GRCm38_150/chr1_150_frags
    output: /mnt/trcanmed/snaketree/prj/XenoMiner/local/share/data/GRCm38_150/chr1_150_7mer_freq
    log: /mnt/trcanmed/snaketree/prj/XenoMiner/dataset/logs/GRCm38_chr1_150_7mer.log
    jobid: 119
    benchmark: /mnt/trcanmed/snaketree/prj/XenoMiner/dataset/benchmarks/GRCm38_chr1_150_7mer.tsv
    wildcards: len=150, chrom=chr1, k=7

[Fri Jul 23 16:03:06 2021]
Finished job 110.
27 of 41 steps (66%) done
[Fri Jul 23 16:03:07 2021]
Finished job 106.
28 of 41 steps (68%) done
[Fri Jul 23 16:03:08 2021]
Finished job 105.
29 of 41 steps (71%) done
[Fri Jul 23 16:03:09 2021]
Finished job 113.
30 of 41 steps (73%) done

[Fri Jul 23 16:03:09 2021]
rule kmers_frequency:
    input: /mnt/trcanmed/snaketree/prj/XenoMiner/local/share/data/6mer_dictionary, /mnt/trcanmed/snaketree/prj/XenoMiner/local/share/data/GRCm38_150/chr1_150_frags
    output: /mnt/trcanmed/snaketree/prj/XenoMiner/local/share/data/GRCm38_150/chr1_150_6mer_freq
    log: /mnt/trcanmed/snaketree/prj/XenoMiner/dataset/logs/GRCm38_chr1_150_6mer.log
    jobid: 118
    benchmark: /mnt/trcanmed/snaketree/prj/XenoMiner/dataset/benchmarks/GRCm38_chr1_150_6mer.tsv
    wildcards: len=150, chrom=chr1, k=6


[Fri Jul 23 16:03:10 2021]
rule kmers_frequency:
    input: /mnt/trcanmed/snaketree/prj/XenoMiner/local/share/data/5mer_dictionary, /mnt/trcanmed/snaketree/prj/XenoMiner/local/share/data/GRCm38_150/chr1_150_frags
    output: /mnt/trcanmed/snaketree/prj/XenoMiner/local/share/data/GRCm38_150/chr1_150_5mer_freq
    log: /mnt/trcanmed/snaketree/prj/XenoMiner/dataset/logs/GRCm38_chr1_150_5mer.log
    jobid: 117
    benchmark: /mnt/trcanmed/snaketree/prj/XenoMiner/dataset/benchmarks/GRCm38_chr1_150_5mer.tsv
    wildcards: len=150, chrom=chr1, k=5


[Fri Jul 23 16:03:11 2021]
rule kmers_frequency:
    input: /mnt/trcanmed/snaketree/prj/XenoMiner/local/share/data/4mer_dictionary, /mnt/trcanmed/snaketree/prj/XenoMiner/local/share/data/GRCm38_150/chr1_150_frags
    output: /mnt/trcanmed/snaketree/prj/XenoMiner/local/share/data/GRCm38_150/chr1_150_4mer_freq
    log: /mnt/trcanmed/snaketree/prj/XenoMiner/dataset/logs/GRCm38_chr1_150_4mer.log
    jobid: 116
    benchmark: /mnt/trcanmed/snaketree/prj/XenoMiner/dataset/benchmarks/GRCm38_chr1_150_4mer.tsv
    wildcards: len=150, chrom=chr1, k=4


[Fri Jul 23 16:03:12 2021]
rule kmers_frequency:
    input: /mnt/trcanmed/snaketree/prj/XenoMiner/local/share/data/3mer_dictionary, /mnt/trcanmed/snaketree/prj/XenoMiner/local/share/data/GRCm38_150/chr1_150_frags
    output: /mnt/trcanmed/snaketree/prj/XenoMiner/local/share/data/GRCm38_150/chr1_150_3mer_freq
    log: /mnt/trcanmed/snaketree/prj/XenoMiner/dataset/logs/GRCm38_chr1_150_3mer.log
    jobid: 115
    benchmark: /mnt/trcanmed/snaketree/prj/XenoMiner/dataset/benchmarks/GRCm38_chr1_150_3mer.tsv
    wildcards: len=150, chrom=chr1, k=3

[Fri Jul 23 16:03:30 2021]
Finished job 107.
31 of 41 steps (76%) done
[Fri Jul 23 16:05:47 2021]
Finished job 122.
32 of 41 steps (78%) done
[Fri Jul 23 16:07:10 2021]
Finished job 123.
33 of 41 steps (80%) done
[Fri Jul 23 16:07:30 2021]
Finished job 115.
34 of 41 steps (83%) done
[Fri Jul 23 16:07:31 2021]
Finished job 121.
35 of 41 steps (85%) done
[Fri Jul 23 16:07:59 2021]
Finished job 118.
36 of 41 steps (88%) done
[Fri Jul 23 16:08:18 2021]
Finished job 119.
37 of 41 steps (90%) done
[Fri Jul 23 16:09:02 2021]
Finished job 117.
38 of 41 steps (93%) done
[Fri Jul 23 16:09:04 2021]
Finished job 116.
39 of 41 steps (95%) done
[Fri Jul 23 16:09:06 2021]
Finished job 120.
40 of 41 steps (98%) done

[Fri Jul 23 16:09:17 2021]
localrule all:
    input: /mnt/trcanmed/snaketree/prj/XenoMiner/local/share/data/GRCm38_48/chr1_48_frags, /mnt/trcanmed/snaketree/prj/XenoMiner/local/share/data/GRCm38_76/chr1_76_frags, /mnt/trcanmed/snaketree/prj/XenoMiner/local/share/data/GRCm38_101/chr1_101_frags, /mnt/trcanmed/snaketree/prj/XenoMiner/local/share/data/GRCm38_150/chr1_150_frags, /mnt/trcanmed/snaketree/prj/XenoMiner/local/share/data/GRCm38_48/chr2_48_frags, /mnt/trcanmed/snaketree/prj/XenoMiner/local/share/data/GRCm38_76/chr2_76_frags, /mnt/trcanmed/snaketree/prj/XenoMiner/local/share/data/GRCm38_101/chr2_101_frags, /mnt/trcanmed/snaketree/prj/XenoMiner/local/share/data/GRCm38_150/chr2_150_frags, /mnt/trcanmed/snaketree/prj/XenoMiner/local/share/data/GRCm38_48/chr3_48_frags, /mnt/trcanmed/snaketree/prj/XenoMiner/local/share/data/GRCm38_76/chr3_76_frags, /mnt/trcanmed/snaketree/prj/XenoMiner/local/share/data/GRCm38_101/chr3_101_frags, /mnt/trcanmed/snaketree/prj/XenoMiner/local/share/data/GRCm38_150/chr3_150_frags, /mnt/trcanmed/snaketree/prj/XenoMiner/local/share/data/GRCm38_48/chr4_48_frags, /mnt/trcanmed/snaketree/prj/XenoMiner/local/share/data/GRCm38_76/chr4_76_frags, /mnt/trcanmed/snaketree/prj/XenoMiner/local/share/data/GRCm38_101/chr4_101_frags, /mnt/trcanmed/snaketree/prj/XenoMiner/local/share/data/GRCm38_150/chr4_150_frags, /mnt/trcanmed/snaketree/prj/XenoMiner/local/share/data/GRCm38_48/chr5_48_frags, /mnt/trcanmed/snaketree/prj/XenoMiner/local/share/data/GRCm38_76/chr5_76_frags, /mnt/trcanmed/snaketree/prj/XenoMiner/local/share/data/GRCm38_101/chr5_101_frags, /mnt/trcanmed/snaketree/prj/XenoMiner/local/share/data/GRCm38_150/chr5_150_frags, /mnt/trcanmed/snaketree/prj/XenoMiner/local/share/data/GRCm38_48/chr6_48_frags, /mnt/trcanmed/snaketree/prj/XenoMiner/local/share/data/GRCm38_76/chr6_76_frags, /mnt/trcanmed/snaketree/prj/XenoMiner/local/share/data/GRCm38_101/chr6_101_frags, /mnt/trcanmed/snaketree/prj/XenoMiner/local/share/data/GRCm38_150/chr6_150_frags, /mnt/trcanmed/snaketree/prj/XenoMiner/local/share/data/GRCm38_48/chr7_48_frags, /mnt/trcanmed/snaketree/prj/XenoMiner/local/share/data/GRCm38_76/chr7_76_frags, /mnt/trcanmed/snaketree/prj/XenoMiner/local/share/data/GRCm38_101/chr7_101_frags, /mnt/trcanmed/snaketree/prj/XenoMiner/local/share/data/GRCm38_150/chr7_150_frags, /mnt/trcanmed/snaketree/prj/XenoMiner/local/share/data/GRCm38_48/chr8_48_frags, /mnt/trcanmed/snaketree/prj/XenoMiner/local/share/data/GRCm38_76/chr8_76_frags, /mnt/trcanmed/snaketree/prj/XenoMiner/local/share/data/GRCm38_101/chr8_101_frags, /mnt/trcanmed/snaketree/prj/XenoMiner/local/share/data/GRCm38_150/chr8_150_frags, /mnt/trcanmed/snaketree/prj/XenoMiner/local/share/data/GRCm38_48/chr9_48_frags, /mnt/trcanmed/snaketree/prj/XenoMiner/local/share/data/GRCm38_76/chr9_76_frags, /mnt/trcanmed/snaketree/prj/XenoMiner/local/share/data/GRCm38_101/chr9_101_frags, /mnt/trcanmed/snaketree/prj/XenoMiner/local/share/data/GRCm38_150/chr9_150_frags, /mnt/trcanmed/snaketree/prj/XenoMiner/local/share/data/GRCm38_48/chr10_48_frags, /mnt/trcanmed/snaketree/prj/XenoMiner/local/share/data/GRCm38_76/chr10_76_frags, /mnt/trcanmed/snaketree/prj/XenoMiner/local/share/data/GRCm38_101/chr10_101_frags, /mnt/trcanmed/snaketree/prj/XenoMiner/local/share/data/GRCm38_150/chr10_150_frags, /mnt/trcanmed/snaketree/prj/XenoMiner/local/share/data/GRCm38_48/chr11_48_frags, /mnt/trcanmed/snaketree/prj/XenoMiner/local/share/data/GRCm38_76/chr11_76_frags, /mnt/trcanmed/snaketree/prj/XenoMiner/local/share/data/GRCm38_101/chr11_101_frags, /mnt/trcanmed/snaketree/prj/XenoMiner/local/share/data/GRCm38_150/chr11_150_frags, /mnt/trcanmed/snaketree/prj/XenoMiner/local/share/data/GRCm38_48/chr12_48_frags, /mnt/trcanmed/snaketree/prj/XenoMiner/local/share/data/GRCm38_76/chr12_76_frags, /mnt/trcanmed/snaketree/prj/XenoMiner/local/share/data/GRCm38_101/chr12_101_frags, /mnt/trcanmed/snaketree/prj/XenoMiner/local/share/data/GRCm38_150/chr12_150_frags, /mnt/trcanmed/snaketree/prj/XenoMiner/local/share/data/GRCm38_48/chr13_48_frags, /mnt/trcanmed/snaketree/prj/XenoMiner/local/share/data/GRCm38_76/chr13_76_frags, /mnt/trcanmed/snaketree/prj/XenoMiner/local/share/data/GRCm38_101/chr13_101_frags, /mnt/trcanmed/snaketree/prj/XenoMiner/local/share/data/GRCm38_150/chr13_150_frags, /mnt/trcanmed/snaketree/prj/XenoMiner/local/share/data/GRCm38_48/chr14_48_frags, /mnt/trcanmed/snaketree/prj/XenoMiner/local/share/data/GRCm38_76/chr14_76_frags, /mnt/trcanmed/snaketree/prj/XenoMiner/local/share/data/GRCm38_101/chr14_101_frags, /mnt/trcanmed/snaketree/prj/XenoMiner/local/share/data/GRCm38_150/chr14_150_frags, /mnt/trcanmed/snaketree/prj/XenoMiner/local/share/data/GRCm38_48/chr15_48_frags, /mnt/trcanmed/snaketree/prj/XenoMiner/local/share/data/GRCm38_76/chr15_76_frags, /mnt/trcanmed/snaketree/prj/XenoMiner/local/share/data/GRCm38_101/chr15_101_frags, /mnt/trcanmed/snaketree/prj/XenoMiner/local/share/data/GRCm38_150/chr15_150_frags, /mnt/trcanmed/snaketree/prj/XenoMiner/local/share/data/GRCm38_48/chr16_48_frags, /mnt/trcanmed/snaketree/prj/XenoMiner/local/share/data/GRCm38_76/chr16_76_frags, /mnt/trcanmed/snaketree/prj/XenoMiner/local/share/data/GRCm38_101/chr16_101_frags, /mnt/trcanmed/snaketree/prj/XenoMiner/local/share/data/GRCm38_150/chr16_150_frags, /mnt/trcanmed/snaketree/prj/XenoMiner/local/share/data/GRCm38_48/chr17_48_frags, /mnt/trcanmed/snaketree/prj/XenoMiner/local/share/data/GRCm38_76/chr17_76_frags, /mnt/trcanmed/snaketree/prj/XenoMiner/local/share/data/GRCm38_101/chr17_101_frags, /mnt/trcanmed/snaketree/prj/XenoMiner/local/share/data/GRCm38_150/chr17_150_frags, /mnt/trcanmed/snaketree/prj/XenoMiner/local/share/data/GRCm38_48/chr18_48_frags, /mnt/trcanmed/snaketree/prj/XenoMiner/local/share/data/GRCm38_76/chr18_76_frags, /mnt/trcanmed/snaketree/prj/XenoMiner/local/share/data/GRCm38_101/chr18_101_frags, /mnt/trcanmed/snaketree/prj/XenoMiner/local/share/data/GRCm38_150/chr18_150_frags, /mnt/trcanmed/snaketree/prj/XenoMiner/local/share/data/GRCm38_48/chr19_48_frags, /mnt/trcanmed/snaketree/prj/XenoMiner/local/share/data/GRCm38_76/chr19_76_frags, /mnt/trcanmed/snaketree/prj/XenoMiner/local/share/data/GRCm38_101/chr19_101_frags, /mnt/trcanmed/snaketree/prj/XenoMiner/local/share/data/GRCm38_150/chr19_150_frags, /mnt/trcanmed/snaketree/prj/XenoMiner/local/share/data/GRCm38_48/chrX_48_frags, /mnt/trcanmed/snaketree/prj/XenoMiner/local/share/data/GRCm38_76/chrX_76_frags, /mnt/trcanmed/snaketree/prj/XenoMiner/local/share/data/GRCm38_101/chrX_101_frags, /mnt/trcanmed/snaketree/prj/XenoMiner/local/share/data/GRCm38_150/chrX_150_frags, /mnt/trcanmed/snaketree/prj/XenoMiner/local/share/data/GRCm38_48/chrY_48_frags, /mnt/trcanmed/snaketree/prj/XenoMiner/local/share/data/GRCm38_76/chrY_76_frags, /mnt/trcanmed/snaketree/prj/XenoMiner/local/share/data/GRCm38_101/chrY_101_frags, /mnt/trcanmed/snaketree/prj/XenoMiner/local/share/data/GRCm38_150/chrY_150_frags, /mnt/trcanmed/snaketree/prj/XenoMiner/local/share/data/GRCm38_48/chr1_48_3mer_freq, /mnt/trcanmed/snaketree/prj/XenoMiner/local/share/data/GRCm38_48/chr1_48_4mer_freq, /mnt/trcanmed/snaketree/prj/XenoMiner/local/share/data/GRCm38_48/chr1_48_5mer_freq, /mnt/trcanmed/snaketree/prj/XenoMiner/local/share/data/GRCm38_48/chr1_48_6mer_freq, /mnt/trcanmed/snaketree/prj/XenoMiner/local/share/data/GRCm38_48/chr1_48_7mer_freq, /mnt/trcanmed/snaketree/prj/XenoMiner/local/share/data/GRCm38_48/chr1_48_8mer_freq, /mnt/trcanmed/snaketree/prj/XenoMiner/local/share/data/GRCm38_48/chr1_48_9mer_freq, /mnt/trcanmed/snaketree/prj/XenoMiner/local/share/data/GRCm38_48/chr1_48_10mer_freq, /mnt/trcanmed/snaketree/prj/XenoMiner/local/share/data/GRCm38_48/chr1_48_11mer_freq, /mnt/trcanmed/snaketree/prj/XenoMiner/local/share/data/GRCm38_48/chr1_48_12mer_freq, /mnt/trcanmed/snaketree/prj/XenoMiner/local/share/data/GRCm38_76/chr1_76_3mer_freq, /mnt/trcanmed/snaketree/prj/XenoMiner/local/share/data/GRCm38_76/chr1_76_4mer_freq, /mnt/trcanmed/snaketree/prj/XenoMiner/local/share/data/GRCm38_76/chr1_76_5mer_freq, /mnt/trcanmed/snaketree/prj/XenoMiner/local/share/data/GRCm38_76/chr1_76_6mer_freq, /mnt/trcanmed/snaketree/prj/XenoMiner/local/share/data/GRCm38_76/chr1_76_7mer_freq, /mnt/trcanmed/snaketree/prj/XenoMiner/local/share/data/GRCm38_76/chr1_76_8mer_freq, /mnt/trcanmed/snaketree/prj/XenoMiner/local/share/data/GRCm38_76/chr1_76_9mer_freq, /mnt/trcanmed/snaketree/prj/XenoMiner/local/share/data/GRCm38_76/chr1_76_10mer_freq, /mnt/trcanmed/snaketree/prj/XenoMiner/local/share/data/GRCm38_76/chr1_76_11mer_freq, /mnt/trcanmed/snaketree/prj/XenoMiner/local/share/data/GRCm38_76/chr1_76_12mer_freq, /mnt/trcanmed/snaketree/prj/XenoMiner/local/share/data/GRCm38_101/chr1_101_3mer_freq, /mnt/trcanmed/snaketree/prj/XenoMiner/local/share/data/GRCm38_101/chr1_101_4mer_freq, /mnt/trcanmed/snaketree/prj/XenoMiner/local/share/data/GRCm38_101/chr1_101_5mer_freq, /mnt/trcanmed/snaketree/prj/XenoMiner/local/share/data/GRCm38_101/chr1_101_6mer_freq, /mnt/trcanmed/snaketree/prj/XenoMiner/local/share/data/GRCm38_101/chr1_101_7mer_freq, /mnt/trcanmed/snaketree/prj/XenoMiner/local/share/data/GRCm38_101/chr1_101_8mer_freq, /mnt/trcanmed/snaketree/prj/XenoMiner/local/share/data/GRCm38_101/chr1_101_9mer_freq, /mnt/trcanmed/snaketree/prj/XenoMiner/local/share/data/GRCm38_101/chr1_101_10mer_freq, /mnt/trcanmed/snaketree/prj/XenoMiner/local/share/data/GRCm38_101/chr1_101_11mer_freq, /mnt/trcanmed/snaketree/prj/XenoMiner/local/share/data/GRCm38_101/chr1_101_12mer_freq, /mnt/trcanmed/snaketree/prj/XenoMiner/local/share/data/GRCm38_150/chr1_150_3mer_freq, /mnt/trcanmed/snaketree/prj/XenoMiner/local/share/data/GRCm38_150/chr1_150_4mer_freq, /mnt/trcanmed/snaketree/prj/XenoMiner/local/share/data/GRCm38_150/chr1_150_5mer_freq, /mnt/trcanmed/snaketree/prj/XenoMiner/local/share/data/GRCm38_150/chr1_150_6mer_freq, /mnt/trcanmed/snaketree/prj/XenoMiner/local/share/data/GRCm38_150/chr1_150_7mer_freq, /mnt/trcanmed/snaketree/prj/XenoMiner/local/share/data/GRCm38_150/chr1_150_8mer_freq, /mnt/trcanmed/snaketree/prj/XenoMiner/local/share/data/GRCm38_150/chr1_150_9mer_freq, /mnt/trcanmed/snaketree/prj/XenoMiner/local/share/data/GRCm38_150/chr1_150_10mer_freq, /mnt/trcanmed/snaketree/prj/XenoMiner/local/share/data/GRCm38_150/chr1_150_11mer_freq, /mnt/trcanmed/snaketree/prj/XenoMiner/local/share/data/GRCm38_150/chr1_150_12mer_freq
    jobid: 0

[Fri Jul 23 16:09:17 2021]
Finished job 0.
41 of 41 steps (100%) done
Complete log: /mnt/trcanmed/snaketree/prj/XenoMiner/local/.snakemake/log/2021-07-23T154317.920879.snakemake.log
